<?xml version="1.0" encoding="UTF-8"?>
<testsuite xmlns:xsi="http://www.w3.org/2001/XMLSchema-instance" xsi:noNamespaceSchemaLocation="https://maven.apache.org/surefire/maven-surefire-plugin/xsd/surefire-test-report.xsd" name="TestSuite" time="14.92" tests="186" errors="0" skipped="0" failures="8">
  <properties>
[...]
</properties>
  <testcase name="test1" classname="com.lizheng.test.demoTestNG" time="0.151"/>
  <testcase name="test2" classname="com.lizheng.test.demoTestNG" time="0.012"/>
  <testcase name="test1" classname="com.lizheng.test.sendMailTestNG" time="0"/>
  <testcase name="test2" classname="com.lizheng.test.sendMailTestNG" time="0.011"/>
  <testcase name="createConnection" classname="com.lizheng.test.TestParameterXML" time="0.004"/>
  <testcase name="test" classname="com.lizheng.test.TestParameterDataProvider" time="0.01"/>
  <testcase name="test" classname="com.lizheng.test.TestParameterDataProvider" time="0.011">
    <failure message="expected [120] but found [110]" type="java.lang.AssertionError">java.lang.AssertionError: expected [120] but found [110]
	at com.lizheng.test.TestParameterDataProvider.test(TestParameterDataProvider.java:10)
</failure>
  </testcase>
  <testcase name="test" classname="com.lizheng.test.TestParameterDataProvider" time="0"/>
  <testcase name="testConnection" classname="com.lizheng.test.TestParameterDataProvider2" time="0.01"/>
  <testcase name="test1" classname="com.lizheng.test.TestParameterDataProvider3" time="0"/>
  <testcase name="test1" classname="com.lizheng.test.TestParameterDataProvider3" time="0.003"/>
  <testcase name="test2" classname="com.lizheng.test.TestParameterDataProvider3" time="0.011"/>
  <testcase name="test2" classname="com.lizheng.test.TestParameterDataProvider3" time="0.071"/>
  <testcase name="autoTest" classname="com.lizheng.test.AutoTestFrameTestNG" time="1.925"/>
  <testcase name="autoTest" classname="com.lizheng.test.AutoTestFrameTestNG" time="0.129"/>
  <testcase name="autoTest" classname="com.lizheng.test.AutoTestFrameTestNG" time="0.012"/>
  <testcase name="autoTest" classname="com.lizheng.test.AutoTestFrameTestNG" time="0.005"/>
  <testcase name="autoTest" classname="com.lizheng.test.AutoTestFrameTestNG" time="0.077"/>
  <testcase name="autoTest" classname="com.lizheng.test.AutoTestFrameTestNG" time="0.011"/>
  <testcase name="autoTest" classname="com.lizheng.test.AutoTestFrameTestNG" time="0.007"/>
  <testcase name="autoTest" classname="com.lizheng.test.AutoTestFrameTestNG" time="0.09"/>
  <testcase name="autoTest" classname="com.lizheng.test.AutoTestFrameTestNG" time="0.012"/>
  <testcase name="autoTest" classname="com.lizheng.test.AutoTestFrameTestNG" time="0.011"/>
  <testcase name="autoTest" classname="com.lizheng.test.AutoTestFrameTestNG" time="0.011"/>
  <testcase name="autoTest" classname="com.lizheng.test.AutoTestFrameTestNG" time="0.093"/>
  <testcase name="autoTest" classname="com.lizheng.test.AutoTestFrameTestNG" time="0.01"/>
  <testcase name="autoTest" classname="com.lizheng.test.AutoTestFrameTestNG" time="0.062"/>
  <testcase name="autoTest" classname="com.lizheng.test.AutoTestFrameTestNG" time="0.091"/>
  <testcase name="autoTest" classname="com.lizheng.test.AutoTestFrameTestNG" time="0.01"/>
  <testcase name="autoTest" classname="com.lizheng.test.AutoTestFrameTestNG" time="0.003"/>
  <testcase name="autoTest" classname="com.lizheng.test.AutoTestFrameTestNG" time="0.093"/>
  <testcase name="autoTest" classname="com.lizheng.test.AutoTestFrameTestNG" time="0.013"/>
  <testcase name="autoTest" classname="com.lizheng.test.AutoTestFrameTestNG" time="0.014"/>
  <testcase name="autoTest" classname="com.lizheng.test.AutoTestFrameTestNG" time="0.088"/>
  <testcase name="autoTest" classname="com.lizheng.test.AutoTestFrameTestNG" time="0.011"/>
  <testcase name="autoTest" classname="com.lizheng.test.AutoTestFrameTestNG" time="0.008"/>
  <testcase name="autoTest" classname="com.lizheng.test.AutoTestFrameTestNG" time="0.085"/>
  <testcase name="autoTest" classname="com.lizheng.test.AutoTestFrameTestNG" time="0.016"/>
  <testcase name="autoTest" classname="com.lizheng.test.AutoTestFrameTestNG" time="0.01"/>
  <testcase name="autoTest" classname="com.lizheng.test.AutoTestFrameTestNG" time="0.093"/>
  <testcase name="autoTest" classname="com.lizheng.test.AutoTestFrameTestNG" time="0.012"/>
  <testcase name="autoTest" classname="com.lizheng.test.AutoTestFrameTestNG" time="0.01"/>
  <testcase name="autoTest" classname="com.lizheng.test.AutoTestFrameTestNG" time="0.093"/>
  <testcase name="autoTest" classname="com.lizheng.test.AutoTestFrameTestNG" time="0.02"/>
  <testcase name="autoTest" classname="com.lizheng.test.AutoTestFrameTestNG" time="0"/>
  <testcase name="autoTest" classname="com.lizheng.test.AutoTestFrameTestNG" time="0.01"/>
  <testcase name="autoTest" classname="com.lizheng.test.AutoTestFrameTestNG" time="0.09"/>
  <testcase name="autoTest" classname="com.lizheng.test.AutoTestFrameTestNG" time="0"/>
  <testcase name="autoTest" classname="com.lizheng.test.AutoTestFrameTestNG" time="0.072"/>
  <testcase name="autoTest" classname="com.lizheng.test.AutoTestFrameTestNG" time="0.097"/>
  <testcase name="autoTest" classname="com.lizheng.test.AutoTestFrameTestNG" time="0.01"/>
  <testcase name="autoTest" classname="com.lizheng.test.AutoTestFrameTestNG" time="0.092"/>
  <testcase name="autoTest" classname="com.lizheng.test.AutoTestFrameTestNG" time="0.01"/>
  <testcase name="autoTest" classname="com.lizheng.test.AutoTestFrameTestNG" time="0.01"/>
  <testcase name="autoTest" classname="com.lizheng.test.AutoTestFrameTestNG" time="0.083"/>
  <testcase name="autoTest" classname="com.lizheng.test.AutoTestFrameTestNG" time="0.01"/>
  <testcase name="autoTest" classname="com.lizheng.test.AutoTestFrameTestNG" time="0.01"/>
  <testcase name="autoTest" classname="com.lizheng.test.AutoTestFrameTestNG" time="0.011"/>
  <testcase name="autoTest" classname="com.lizheng.test.AutoTestFrameTestNG" time="0.094"/>
  <testcase name="autoTest" classname="com.lizheng.test.AutoTestFrameTestNG" time="0">
    <failure message="expected [pass] but found [fail]" type="java.lang.AssertionError">java.lang.AssertionError: expected [pass] but found [fail]
	at com.lizheng.test.AutoTestFrameTestNG.autoTest(AutoTestFrameTestNG.java:29)
</failure>
    <system-out><![CDATA[47			assertJsonEqual	$.status	401				
2021/10/20 22:16:30,926  [ERROR] : 解析json并断言失败!!!
2021/10/20 22:16:30,926  [ERROR] : com.alibaba.fastjson.JSONException: syntax error, pos 1, line 1, column 2<!doctype html><html lang="en"><head><title>HTTP Status 500 – Internal Server Error</title><style type="text/css">body {font-family:Tahoma,Arial,sans-serif;} h1, h2, h3, b {color:white;background-color:#525D76;} h1 {font-size:22px;} h2 {font-size:16px;} h3 {font-size:14px;} p {font-size:12px;} a {color:black;} .line {height:1px;background-color:#525D76;border:none;}</style></head><body><h1>HTTP Status 500 – Internal Server Error</h1><hr class="line" /><p><b>Type</b> Exception Report</p><p><b>Description</b> The server encountered an unexpected condition that prevented it from fulfilling the request.</p><p><b>Exception</b></p><pre>java.lang.NullPointerException
	java.net.URLDecoder.decode(URLDecoder.java:136)
	java.net.URLDecoder.decode(URLDecoder.java:100)
	com.testingedu.http.login.doPost(login.java:59)
	javax.servlet.http.HttpServlet.service(HttpServlet.java:652)
	javax.servlet.http.HttpServlet.service(HttpServlet.java:733)
	org.apache.tomcat.websocket.server.WsFilter.doFilter(WsFilter.java:52)
</pre><p><b>Note</b> The full stack trace of the root cause is available in the server logs.</p><hr class="line" /><h3>Apache Tomcat/8.5.66</h3></body></html>
]]></system-out>
  </testcase>
  <testcase name="autoTest" classname="com.lizheng.test.AutoTestFrameTestNG" time="0.109"/>
  <testcase name="autoTest" classname="com.lizheng.test.AutoTestFrameTestNG" time="0.01"/>
  <testcase name="autoTest" classname="com.lizheng.test.AutoTestFrameTestNG" time="0.095"/>
  <testcase name="autoTest" classname="com.lizheng.test.AutoTestFrameTestNG" time="0.005">
    <failure message="expected [pass] but found [fail]" type="java.lang.AssertionError">java.lang.AssertionError: expected [pass] but found [fail]
	at com.lizheng.test.AutoTestFrameTestNG.autoTest(AutoTestFrameTestNG.java:29)
</failure>
    <system-out><![CDATA[51			assertJsonEqual	$.status	200				
2021/10/20 22:16:31,140  [ERROR] : 解析json并断言失败!!!
2021/10/20 22:16:31,145  [ERROR] : com.alibaba.fastjson.JSONException: syntax error, pos 1, line 1, column 2<!doctype html><html lang="en"><head><title>HTTP Status 500 – Internal Server Error</title><style type="text/css">body {font-family:Tahoma,Arial,sans-serif;} h1, h2, h3, b {color:white;background-color:#525D76;} h1 {font-size:22px;} h2 {font-size:16px;} h3 {font-size:14px;} p {font-size:12px;} a {color:black;} .line {height:1px;background-color:#525D76;border:none;}</style></head><body><h1>HTTP Status 500 – Internal Server Error</h1><hr class="line" /><p><b>Type</b> Exception Report</p><p><b>Description</b> The server encountered an unexpected condition that prevented it from fulfilling the request.</p><p><b>Exception</b></p><pre>java.lang.NullPointerException
	java.net.URLDecoder.decode(URLDecoder.java:136)
	java.net.URLDecoder.decode(URLDecoder.java:100)
	com.testingedu.http.login.doPost(login.java:59)
	javax.servlet.http.HttpServlet.service(HttpServlet.java:652)
	javax.servlet.http.HttpServlet.service(HttpServlet.java:733)
	org.apache.tomcat.websocket.server.WsFilter.doFilter(WsFilter.java:52)
</pre><p><b>Note</b> The full stack trace of the root cause is available in the server logs.</p><hr class="line" /><h3>Apache Tomcat/8.5.66</h3></body></html>
]]></system-out>
  </testcase>
  <testcase name="autoTest" classname="com.lizheng.test.AutoTestFrameTestNG" time="0.096"/>
  <testcase name="autoTest" classname="com.lizheng.test.AutoTestFrameTestNG" time="0.011"/>
  <testcase name="autoTest" classname="com.lizheng.test.AutoTestFrameTestNG" time="0.104"/>
  <testcase name="autoTest" classname="com.lizheng.test.AutoTestFrameTestNG" time="0.01"/>
  <testcase name="autoTest" classname="com.lizheng.test.AutoTestFrameTestNG" time="0.096"/>
  <testcase name="autoTest" classname="com.lizheng.test.AutoTestFrameTestNG" time="0.01"/>
  <testcase name="autoTest" classname="com.lizheng.test.AutoTestFrameTestNG" time="0.16"/>
  <testcase name="autoTest" classname="com.lizheng.test.AutoTestFrameTestNG" time="0.007"/>
  <testcase name="autoTest" classname="com.lizheng.test.AutoTestFrameTestNG" time="0.094"/>
  <testcase name="autoTest" classname="com.lizheng.test.AutoTestFrameTestNG" time="0.011"/>
  <testcase name="autoTest" classname="com.lizheng.test.AutoTestFrameTestNG" time="0.091"/>
  <testcase name="autoTest" classname="com.lizheng.test.AutoTestFrameTestNG" time="0.02"/>
  <testcase name="autoTest" classname="com.lizheng.test.AutoTestFrameTestNG" time="0.093"/>
  <testcase name="autoTest" classname="com.lizheng.test.AutoTestFrameTestNG" time="0.01"/>
  <testcase name="autoTest" classname="com.lizheng.test.AutoTestFrameTestNG" time="0.106"/>
  <testcase name="autoTest" classname="com.lizheng.test.AutoTestFrameTestNG" time="0">
    <failure message="expected [pass] but found [fail]" type="java.lang.AssertionError">java.lang.AssertionError: expected [pass] but found [fail]
	at com.lizheng.test.AutoTestFrameTestNG.autoTest(AutoTestFrameTestNG.java:29)
</failure>
    <system-out><![CDATA[67			assertJsonEqual	$.status	401				
2021/10/20 22:16:32,066  [ERROR] : 解析json并断言失败!!!
2021/10/20 22:16:32,066  [ERROR] : com.alibaba.fastjson.JSONException: syntax error, pos 1, line 1, column 2<!doctype html><html lang="en"><head><title>HTTP Status 500 – Internal Server Error</title><style type="text/css">body {font-family:Tahoma,Arial,sans-serif;} h1, h2, h3, b {color:white;background-color:#525D76;} h1 {font-size:22px;} h2 {font-size:16px;} h3 {font-size:14px;} p {font-size:12px;} a {color:black;} .line {height:1px;background-color:#525D76;border:none;}</style></head><body><h1>HTTP Status 500 – Internal Server Error</h1><hr class="line" /><p><b>Type</b> Exception Report</p><p><b>Description</b> The server encountered an unexpected condition that prevented it from fulfilling the request.</p><p><b>Exception</b></p><pre>java.lang.NullPointerException
	java.net.URLDecoder.decode(URLDecoder.java:136)
	java.net.URLDecoder.decode(URLDecoder.java:100)
	com.testingedu.http.login.doPost(login.java:58)
	javax.servlet.http.HttpServlet.service(HttpServlet.java:652)
	javax.servlet.http.HttpServlet.service(HttpServlet.java:733)
	org.apache.tomcat.websocket.server.WsFilter.doFilter(WsFilter.java:52)
</pre><p><b>Note</b> The full stack trace of the root cause is available in the server logs.</p><hr class="line" /><h3>Apache Tomcat/8.5.66</h3></body></html>
]]></system-out>
  </testcase>
  <testcase name="autoTest" classname="com.lizheng.test.AutoTestFrameTestNG" time="0.083"/>
  <testcase name="autoTest" classname="com.lizheng.test.AutoTestFrameTestNG" time="0.011"/>
  <testcase name="autoTest" classname="com.lizheng.test.AutoTestFrameTestNG" time="0.091"/>
  <testcase name="autoTest" classname="com.lizheng.test.AutoTestFrameTestNG" time="0.01">
    <failure message="expected [pass] but found [fail]" type="java.lang.AssertionError">java.lang.AssertionError: expected [pass] but found [fail]
	at com.lizheng.test.AutoTestFrameTestNG.autoTest(AutoTestFrameTestNG.java:29)
</failure>
    <system-out><![CDATA[71			assertJsonEqual	$.status	401				
2021/10/20 22:16:32,273  [ERROR] : 解析json并断言失败!!!
2021/10/20 22:16:32,273  [ERROR] : com.alibaba.fastjson.JSONException: syntax error, pos 1, line 1, column 2<!doctype html><html lang="en"><head><title>HTTP Status 500 – Internal Server Error</title><style type="text/css">body {font-family:Tahoma,Arial,sans-serif;} h1, h2, h3, b {color:white;background-color:#525D76;} h1 {font-size:22px;} h2 {font-size:16px;} h3 {font-size:14px;} p {font-size:12px;} a {color:black;} .line {height:1px;background-color:#525D76;border:none;}</style></head><body><h1>HTTP Status 500 – Internal Server Error</h1><hr class="line" /><p><b>Type</b> Exception Report</p><p><b>Description</b> The server encountered an unexpected condition that prevented it from fulfilling the request.</p><p><b>Exception</b></p><pre>java.lang.NullPointerException
	java.net.URLDecoder.decode(URLDecoder.java:136)
	java.net.URLDecoder.decode(URLDecoder.java:100)
	com.testingedu.http.login.doPost(login.java:58)
	javax.servlet.http.HttpServlet.service(HttpServlet.java:652)
	javax.servlet.http.HttpServlet.service(HttpServlet.java:733)
	org.apache.tomcat.websocket.server.WsFilter.doFilter(WsFilter.java:52)
</pre><p><b>Note</b> The full stack trace of the root cause is available in the server logs.</p><hr class="line" /><h3>Apache Tomcat/8.5.66</h3></body></html>
]]></system-out>
  </testcase>
  <testcase name="autoTest" classname="com.lizheng.test.AutoTestFrameTestNG" time="0.091"/>
  <testcase name="autoTest" classname="com.lizheng.test.AutoTestFrameTestNG" time="0.012"/>
  <testcase name="autoTest" classname="com.lizheng.test.AutoTestFrameTestNG" time="0.101"/>
  <testcase name="autoTest" classname="com.lizheng.test.AutoTestFrameTestNG" time="0.01"/>
  <testcase name="autoTest" classname="com.lizheng.test.AutoTestFrameTestNG" time="0.103"/>
  <testcase name="autoTest" classname="com.lizheng.test.AutoTestFrameTestNG" time="0.01"/>
  <testcase name="autoTest" classname="com.lizheng.test.AutoTestFrameTestNG" time="0.095"/>
  <testcase name="autoTest" classname="com.lizheng.test.AutoTestFrameTestNG" time="0.011"/>
  <testcase name="autoTest" classname="com.lizheng.test.AutoTestFrameTestNG" time="0.101"/>
  <testcase name="autoTest" classname="com.lizheng.test.AutoTestFrameTestNG" time="0.071"/>
  <testcase name="autoTest" classname="com.lizheng.test.AutoTestFrameTestNG" time="0.081"/>
  <testcase name="autoTest" classname="com.lizheng.test.AutoTestFrameTestNG" time="0.012"/>
  <testcase name="autoTest" classname="com.lizheng.test.AutoTestFrameTestNG" time="0.103"/>
  <testcase name="autoTest" classname="com.lizheng.test.AutoTestFrameTestNG" time="0.01"/>
  <testcase name="autoTest" classname="com.lizheng.test.AutoTestFrameTestNG" time="0.091"/>
  <testcase name="autoTest" classname="com.lizheng.test.AutoTestFrameTestNG" time="0.011">
    <failure message="expected [pass] but found [fail]" type="java.lang.AssertionError">java.lang.AssertionError: expected [pass] but found [fail]
	at com.lizheng.test.AutoTestFrameTestNG.autoTest(AutoTestFrameTestNG.java:29)
</failure>
    <system-out><![CDATA[87			assertJsonEqual	$.status	401				
2021/10/20 22:16:33,196  [ERROR] : 解析json并断言失败!!!
2021/10/20 22:16:33,196  [ERROR] : com.alibaba.fastjson.JSONException: syntax error, pos 1, line 1, column 2<!doctype html><html lang="en"><head><title>HTTP Status 500 – Internal Server Error</title><style type="text/css">body {font-family:Tahoma,Arial,sans-serif;} h1, h2, h3, b {color:white;background-color:#525D76;} h1 {font-size:22px;} h2 {font-size:16px;} h3 {font-size:14px;} p {font-size:12px;} a {color:black;} .line {height:1px;background-color:#525D76;border:none;}</style></head><body><h1>HTTP Status 500 – Internal Server Error</h1><hr class="line" /><p><b>Type</b> Exception Report</p><p><b>Description</b> The server encountered an unexpected condition that prevented it from fulfilling the request.</p><p><b>Exception</b></p><pre>java.lang.NullPointerException
	java.net.URLDecoder.decode(URLDecoder.java:136)
	java.net.URLDecoder.decode(URLDecoder.java:100)
	com.testingedu.http.login.doPost(login.java:58)
	javax.servlet.http.HttpServlet.service(HttpServlet.java:652)
	javax.servlet.http.HttpServlet.service(HttpServlet.java:733)
	org.apache.tomcat.websocket.server.WsFilter.doFilter(WsFilter.java:52)
</pre><p><b>Note</b> The full stack trace of the root cause is available in the server logs.</p><hr class="line" /><h3>Apache Tomcat/8.5.66</h3></body></html>
]]></system-out>
  </testcase>
  <testcase name="autoTest" classname="com.lizheng.test.AutoTestFrameTestNG" time="0.101"/>
  <testcase name="autoTest" classname="com.lizheng.test.AutoTestFrameTestNG" time="0.01"/>
  <testcase name="autoTest" classname="com.lizheng.test.AutoTestFrameTestNG" time="0.082"/>
  <testcase name="autoTest" classname="com.lizheng.test.AutoTestFrameTestNG" time="0.01"/>
  <testcase name="autoTest" classname="com.lizheng.test.AutoTestFrameTestNG" time="0.01"/>
  <testcase name="autoTest" classname="com.lizheng.test.AutoTestFrameTestNG" time="0.091"/>
  <testcase name="autoTest" classname="com.lizheng.test.AutoTestFrameTestNG" time="0.011"/>
  <testcase name="autoTest" classname="com.lizheng.test.AutoTestFrameTestNG" time="0.01"/>
  <testcase name="autoTest" classname="com.lizheng.test.AutoTestFrameTestNG" time="0.01"/>
  <testcase name="autoTest" classname="com.lizheng.test.AutoTestFrameTestNG" time="0.095"/>
  <testcase name="autoTest" classname="com.lizheng.test.AutoTestFrameTestNG" time="0.011"/>
  <testcase name="autoTest" classname="com.lizheng.test.AutoTestFrameTestNG" time="0.104"/>
  <testcase name="autoTest" classname="com.lizheng.test.AutoTestFrameTestNG" time="0"/>
  <testcase name="autoTest" classname="com.lizheng.test.AutoTestFrameTestNG" time="0.084"/>
  <testcase name="autoTest" classname="com.lizheng.test.AutoTestFrameTestNG" time="0.011"/>
  <testcase name="autoTest" classname="com.lizheng.test.AutoTestFrameTestNG" time="0.092"/>
  <testcase name="autoTest" classname="com.lizheng.test.AutoTestFrameTestNG" time="0.065"/>
  <testcase name="autoTest" classname="com.lizheng.test.AutoTestFrameTestNG" time="0.085"/>
  <testcase name="autoTest" classname="com.lizheng.test.AutoTestFrameTestNG" time="0.013"/>
  <testcase name="autoTest" classname="com.lizheng.test.AutoTestFrameTestNG" time="0.003"/>
  <testcase name="autoTest" classname="com.lizheng.test.AutoTestFrameTestNG" time="0.104"/>
  <testcase name="autoTest" classname="com.lizheng.test.AutoTestFrameTestNG" time="0"/>
  <testcase name="autoTest" classname="com.lizheng.test.AutoTestFrameTestNG" time="0.002"/>
  <testcase name="autoTest" classname="com.lizheng.test.AutoTestFrameTestNG" time="0.01"/>
  <testcase name="autoTest" classname="com.lizheng.test.AutoTestFrameTestNG" time="0.103"/>
  <testcase name="autoTest" classname="com.lizheng.test.AutoTestFrameTestNG" time="0.01"/>
  <testcase name="autoTest" classname="com.lizheng.test.AutoTestFrameTestNG" time="0.085"/>
  <testcase name="autoTest" classname="com.lizheng.test.AutoTestFrameTestNG" time="0.012"/>
  <testcase name="autoTest" classname="com.lizheng.test.AutoTestFrameTestNG" time="0.001"/>
  <testcase name="autoTest" classname="com.lizheng.test.AutoTestFrameTestNG" time="0.104"/>
  <testcase name="autoTest" classname="com.lizheng.test.AutoTestFrameTestNG" time="0"/>
  <testcase name="autoTest" classname="com.lizheng.test.AutoTestFrameTestNG" time="0.001"/>
  <testcase name="autoTest" classname="com.lizheng.test.AutoTestFrameTestNG" time="0.092"/>
  <testcase name="autoTest" classname="com.lizheng.test.AutoTestFrameTestNG" time="0.01"/>
  <testcase name="autoTest" classname="com.lizheng.test.AutoTestFrameTestNG" time="0.01"/>
  <testcase name="autoTest" classname="com.lizheng.test.AutoTestFrameTestNG" time="0.101"/>
  <testcase name="autoTest" classname="com.lizheng.test.AutoTestFrameTestNG" time="0"/>
  <testcase name="autoTest" classname="com.lizheng.test.AutoTestFrameTestNG" time="0"/>
  <testcase name="autoTest" classname="com.lizheng.test.AutoTestFrameTestNG" time="0.134"/>
  <testcase name="autoTest" classname="com.lizheng.test.AutoTestFrameTestNG" time="0.011"/>
  <testcase name="autoTest" classname="com.lizheng.test.AutoTestFrameTestNG" time="0.011"/>
  <testcase name="autoTest" classname="com.lizheng.test.AutoTestFrameTestNG" time="0.103"/>
  <testcase name="autoTest" classname="com.lizheng.test.AutoTestFrameTestNG" time="0.01"/>
  <testcase name="autoTest" classname="com.lizheng.test.AutoTestFrameTestNG" time="0.01"/>
  <testcase name="autoTest" classname="com.lizheng.test.AutoTestFrameTestNG" time="0"/>
  <testcase name="autoTest" classname="com.lizheng.test.AutoTestFrameTestNG" time="0.083"/>
  <testcase name="autoTest" classname="com.lizheng.test.AutoTestFrameTestNG" time="0.011"/>
  <testcase name="autoTest" classname="com.lizheng.test.AutoTestFrameTestNG" time="0.011"/>
  <testcase name="autoTest" classname="com.lizheng.test.AutoTestFrameTestNG" time="0.091"/>
  <testcase name="autoTest" classname="com.lizheng.test.AutoTestFrameTestNG" time="0.011"/>
  <testcase name="autoTest" classname="com.lizheng.test.AutoTestFrameTestNG" time="0.01"/>
  <testcase name="autoTest" classname="com.lizheng.test.AutoTestFrameTestNG" time="0.011"/>
  <testcase name="autoTest" classname="com.lizheng.test.AutoTestFrameTestNG" time="0.092"/>
  <testcase name="autoTest" classname="com.lizheng.test.AutoTestFrameTestNG" time="0"/>
  <testcase name="autoTest" classname="com.lizheng.test.AutoTestFrameTestNG" time="0.082"/>
  <testcase name="autoTest" classname="com.lizheng.test.AutoTestFrameTestNG" time="0.01"/>
  <testcase name="autoTest" classname="com.lizheng.test.AutoTestFrameTestNG" time="0.082"/>
  <testcase name="autoTest" classname="com.lizheng.test.AutoTestFrameTestNG" time="0"/>
  <testcase name="autoTest" classname="com.lizheng.test.AutoTestFrameTestNG" time="0.01"/>
  <testcase name="autoTest" classname="com.lizheng.test.AutoTestFrameTestNG" time="0.01"/>
  <testcase name="autoTest" classname="com.lizheng.test.AutoTestFrameTestNG" time="0.011"/>
  <testcase name="autoTest" classname="com.lizheng.test.AutoTestFrameTestNG" time="0.062"/>
  <testcase name="autoTest" classname="com.lizheng.test.AutoTestFrameTestNG" time="0.104"/>
  <testcase name="autoTest" classname="com.lizheng.test.AutoTestFrameTestNG" time="0.011"/>
  <testcase name="autoTest" classname="com.lizheng.test.AutoTestFrameTestNG" time="0.092"/>
  <testcase name="autoTest" classname="com.lizheng.test.AutoTestFrameTestNG" time="0.01">
    <failure message="expected [pass] but found [fail]" type="java.lang.AssertionError">java.lang.AssertionError: expected [pass] but found [fail]
	at com.lizheng.test.AutoTestFrameTestNG.autoTest(AutoTestFrameTestNG.java:29)
</failure>
    <system-out><![CDATA[153		assertJsonEqual	$.msg	恭喜您，登录成功					
]]></system-out>
  </testcase>
  <testcase name="autoTest" classname="com.lizheng.test.AutoTestFrameTestNG" time="0.01"/>
  <testcase name="autoTest" classname="com.lizheng.test.AutoTestFrameTestNG" time="0.095"/>
  <testcase name="autoTest" classname="com.lizheng.test.AutoTestFrameTestNG" time="0.01"/>
  <testcase name="autoTest" classname="com.lizheng.test.AutoTestFrameTestNG" time="0.092"/>
  <testcase name="autoTest" classname="com.lizheng.test.AutoTestFrameTestNG" time="0.01"/>
  <testcase name="autoTest" classname="com.lizheng.test.AutoTestFrameTestNG" time="0.088"/>
  <testcase name="autoTest" classname="com.lizheng.test.AutoTestFrameTestNG" time="0"/>
  <testcase name="autoTest" classname="com.lizheng.test.AutoTestFrameTestNG" time="0.001"/>
  <testcase name="autoTest" classname="com.lizheng.test.AutoTestFrameTestNG" time="0.011"/>
  <testcase name="autoTest" classname="com.lizheng.test.AutoTestFrameTestNG" time="0"/>
  <testcase name="autoTest" classname="com.lizheng.test.AutoTestFrameTestNG" time="0.016"/>
  <testcase name="autoTest" classname="com.lizheng.test.AutoTestFrameTestNG" time="0.095"/>
  <testcase name="autoTest" classname="com.lizheng.test.AutoTestFrameTestNG" time="0.01">
    <failure message="expected [pass] but found [fail]" type="java.lang.AssertionError">java.lang.AssertionError: expected [pass] but found [fail]
	at com.lizheng.test.AutoTestFrameTestNG.autoTest(AutoTestFrameTestNG.java:29)
</failure>
    <system-out><![CDATA[166			assertJsonEqual	$.status	200				
2021/10/20 22:16:36,406  [ERROR] : 解析json并断言失败!!!
2021/10/20 22:16:36,406  [ERROR] : com.alibaba.fastjson.JSONException: syntax error, pos 1, line 1, column 2<!doctype html><html lang="en"><head><title>HTTP Status 404 – Not Found</title><style type="text/css">body {font-family:Tahoma,Arial,sans-serif;} h1, h2, h3, b {color:white;background-color:#525D76;} h1 {font-size:22px;} h2 {font-size:16px;} h3 {font-size:14px;} p {font-size:12px;} a {color:black;} .line {height:1px;background-color:#525D76;border:none;}</style></head><body><h1>HTTP Status 404 – Not Found</h1><hr class="line" /><p><b>Type</b> Status Report</p><p><b>Message</b> Not Found</p><p><b>Description</b> The origin server did not find a current representation for the target resource or is not willing to disclose that one exists.</p><hr class="line" /><h3>Apache Tomcat/8.5.66</h3></body></html>
]]></system-out>
  </testcase>
  <testcase name="autoTest" classname="com.lizheng.test.AutoTestFrameTestNG" time="0.099"/>
  <testcase name="autoTest" classname="com.lizheng.test.AutoTestFrameTestNG" time="0"/>
  <testcase name="autoTest" classname="com.lizheng.test.AutoTestFrameTestNG" time="0"/>
  <testcase name="autoTest" classname="com.lizheng.test.AutoTestFrameTestNG" time="0.102"/>
  <testcase name="autoTest" classname="com.lizheng.test.AutoTestFrameTestNG" time="0.011"/>
  <testcase name="autoTest" classname="com.lizheng.test.AutoTestFrameTestNG" time="0.145"/>
  <testcase name="autoTest" classname="com.lizheng.test.AutoTestFrameTestNG" time="0.01"/>
</testsuite>