<?xml version="1.0" encoding="UTF-8"?>
<testng-results skipped="0" failed="8" ignored="0" total="186" passed="178">
  <reporter-output>
  </reporter-output>
  <suite name="All Test Suite" duration-ms="12377" started-at="2021-10-20T14:16:24Z" finished-at="2021-10-20T14:16:36Z">
    <groups>
    </groups>
    <test name="TestNGTest" duration-ms="393" started-at="2021-10-20T14:16:24Z" finished-at="2021-10-20T14:16:24Z">
      <class name="com.lizheng.test.sendMailTestNG">
        <test-method status="PASS" signature="beforeMethod()[pri:0, instance:com.lizheng.test.sendMailTestNG@376a312c]" name="beforeMethod" is-config="true" duration-ms="0" started-at="2021-10-20T14:16:24Z" finished-at="2021-10-20T14:16:24Z">
          <reporter-output>
          </reporter-output>
        </test-method> <!-- beforeMethod -->
        <test-method status="PASS" signature="beforeClass()[pri:0, instance:com.lizheng.test.sendMailTestNG@376a312c]" name="beforeClass" is-config="true" duration-ms="0" started-at="2021-10-20T14:16:24Z" finished-at="2021-10-20T14:16:24Z">
          <reporter-output>
          </reporter-output>
        </test-method> <!-- beforeClass -->
        <test-method status="PASS" signature="test1()[pri:0, instance:com.lizheng.test.sendMailTestNG@376a312c]" name="test1" duration-ms="11" started-at="2021-10-20T14:16:24Z" finished-at="2021-10-20T14:16:24Z">
          <reporter-output>
          </reporter-output>
        </test-method> <!-- test1 -->
        <test-method status="PASS" signature="afterMethod()[pri:0, instance:com.lizheng.test.sendMailTestNG@376a312c]" name="afterMethod" is-config="true" duration-ms="0" started-at="2021-10-20T14:16:24Z" finished-at="2021-10-20T14:16:24Z">
          <reporter-output>
          </reporter-output>
        </test-method> <!-- afterMethod -->
        <test-method status="PASS" signature="beforeMethod()[pri:0, instance:com.lizheng.test.sendMailTestNG@376a312c]" name="beforeMethod" is-config="true" duration-ms="0" started-at="2021-10-20T14:16:24Z" finished-at="2021-10-20T14:16:24Z">
          <reporter-output>
          </reporter-output>
        </test-method> <!-- beforeMethod -->
        <test-method status="PASS" signature="test2()[pri:0, instance:com.lizheng.test.sendMailTestNG@376a312c]" name="test2" duration-ms="0" started-at="2021-10-20T14:16:24Z" finished-at="2021-10-20T14:16:24Z">
          <reporter-output>
          </reporter-output>
        </test-method> <!-- test2 -->
        <test-method status="PASS" signature="afterMethod()[pri:0, instance:com.lizheng.test.sendMailTestNG@376a312c]" name="afterMethod" is-config="true" duration-ms="0" started-at="2021-10-20T14:16:24Z" finished-at="2021-10-20T14:16:24Z">
          <reporter-output>
          </reporter-output>
        </test-method> <!-- afterMethod -->
        <test-method status="PASS" signature="afterClass()[pri:0, instance:com.lizheng.test.sendMailTestNG@376a312c]" name="afterClass" is-config="true" duration-ms="0" started-at="2021-10-20T14:16:24Z" finished-at="2021-10-20T14:16:24Z">
          <reporter-output>
          </reporter-output>
        </test-method> <!-- afterClass -->
      </class> <!-- com.lizheng.test.sendMailTestNG -->
      <class name="com.lizheng.test.demoTestNG">
        <test-method status="PASS" signature="beforeTest()[pri:0, instance:com.lizheng.test.sendMailTestNG@376a312c]" name="beforeTest" is-config="true" duration-ms="6" started-at="2021-10-20T14:16:24Z" finished-at="2021-10-20T14:16:24Z">
          <reporter-output>
          </reporter-output>
        </test-method> <!-- beforeTest -->
        <test-method status="PASS" signature="beforeTest()[pri:0, instance:com.lizheng.test.demoTestNG@1de5f0ef]" name="beforeTest" is-config="true" duration-ms="0" started-at="2021-10-20T14:16:24Z" finished-at="2021-10-20T14:16:24Z">
          <reporter-output>
          </reporter-output>
        </test-method> <!-- beforeTest -->
        <test-method status="PASS" signature="beforeClass()[pri:0, instance:com.lizheng.test.demoTestNG@1de5f0ef]" name="beforeClass" is-config="true" duration-ms="0" started-at="2021-10-20T14:16:24Z" finished-at="2021-10-20T14:16:24Z">
          <reporter-output>
          </reporter-output>
        </test-method> <!-- beforeClass -->
        <test-method status="PASS" signature="test1()[pri:0, instance:com.lizheng.test.demoTestNG@1de5f0ef]" name="test1" duration-ms="62" started-at="2021-10-20T14:16:24Z" finished-at="2021-10-20T14:16:24Z">
          <reporter-output>
          </reporter-output>
        </test-method> <!-- test1 -->
        <test-method status="PASS" signature="test2()[pri:0, instance:com.lizheng.test.demoTestNG@1de5f0ef]" name="test2" duration-ms="2" started-at="2021-10-20T14:16:24Z" finished-at="2021-10-20T14:16:24Z">
          <reporter-output>
          </reporter-output>
        </test-method> <!-- test2 -->
        <test-method status="PASS" signature="afterClass()[pri:0, instance:com.lizheng.test.demoTestNG@1de5f0ef]" name="afterClass" is-config="true" duration-ms="0" started-at="2021-10-20T14:16:24Z" finished-at="2021-10-20T14:16:24Z">
          <reporter-output>
          </reporter-output>
        </test-method> <!-- afterClass -->
        <test-method status="PASS" signature="afterTest()[pri:0, instance:com.lizheng.test.demoTestNG@1de5f0ef]" name="afterTest" is-config="true" duration-ms="0" started-at="2021-10-20T14:16:24Z" finished-at="2021-10-20T14:16:24Z">
          <reporter-output>
          </reporter-output>
        </test-method> <!-- afterTest -->
        <test-method status="PASS" signature="AfterTest()[pri:0, instance:com.lizheng.test.sendMailTestNG@376a312c]" name="AfterTest" is-config="true" duration-ms="0" started-at="2021-10-20T14:16:24Z" finished-at="2021-10-20T14:16:24Z">
          <reporter-output>
          </reporter-output>
        </test-method> <!-- AfterTest -->
      </class> <!-- com.lizheng.test.demoTestNG -->
    </test> <!-- TestNGTest -->
    <test name="TestParameterXML" duration-ms="15" started-at="2021-10-20T14:16:25Z" finished-at="2021-10-20T14:16:25Z">
      <class name="com.lizheng.test.TestParameterXML">
        <test-method status="PASS" signature="createConnection(java.lang.String, int)[pri:0, instance:com.lizheng.test.TestParameterXML@5be067de]" name="createConnection" duration-ms="11" started-at="2021-10-20T14:16:25Z" finished-at="2021-10-20T14:16:25Z">
          <params>
            <param index="0">
              <value>
                <![CDATA[src\main\resources\db.properties]]>
              </value>
            </param>
            <param index="1">
              <value>
                <![CDATA[10]]>
              </value>
            </param>
          </params>
          <reporter-output>
          </reporter-output>
        </test-method> <!-- createConnection -->
      </class> <!-- com.lizheng.test.TestParameterXML -->
    </test> <!-- TestParameterXML -->
    <test name="TestParameterDataProvider" duration-ms="41" started-at="2021-10-20T14:16:25Z" finished-at="2021-10-20T14:16:25Z">
      <class name="com.lizheng.test.TestParameterDataProvider">
        <test-method status="PASS" signature="test(int, int)[pri:0, instance:com.lizheng.test.TestParameterDataProvider@107ed6fc]" name="test" duration-ms="10" started-at="2021-10-20T14:16:25Z" data-provider="provideNumbers" finished-at="2021-10-20T14:16:25Z">
          <params>
            <param index="0">
              <value>
                <![CDATA[10]]>
              </value>
            </param>
            <param index="1">
              <value>
                <![CDATA[20]]>
              </value>
            </param>
          </params>
          <reporter-output>
          </reporter-output>
        </test-method> <!-- test -->
        <test-method status="FAIL" signature="test(int, int)[pri:0, instance:com.lizheng.test.TestParameterDataProvider@107ed6fc]" name="test" duration-ms="11" started-at="2021-10-20T14:16:25Z" data-provider="provideNumbers" finished-at="2021-10-20T14:16:25Z">
          <params>
            <param index="0">
              <value>
                <![CDATA[100]]>
              </value>
            </param>
            <param index="1">
              <value>
                <![CDATA[120]]>
              </value>
            </param>
          </params>
          <exception class="java.lang.AssertionError">
            <message>
              <![CDATA[expected [120] but found [110]]]>
            </message>
            <full-stacktrace>
              <![CDATA[java.lang.AssertionError: expected [120] but found [110]
at org.testng.Assert.fail(Assert.java:96)
at org.testng.Assert.failNotEquals(Assert.java:776)
at org.testng.Assert.assertEqualsImpl(Assert.java:137)
at org.testng.Assert.assertEquals(Assert.java:118)
at org.testng.Assert.assertEquals(Assert.java:652)
at org.testng.Assert.assertEquals(Assert.java:662)
at com.lizheng.test.TestParameterDataProvider.test(TestParameterDataProvider.java:10)
at sun.reflect.NativeMethodAccessorImpl.invoke0(Native Method)
at sun.reflect.NativeMethodAccessorImpl.invoke(NativeMethodAccessorImpl.java:62)
at sun.reflect.DelegatingMethodAccessorImpl.invoke(DelegatingMethodAccessorImpl.java:43)
at java.lang.reflect.Method.invoke(Method.java:498)
at org.testng.internal.MethodInvocationHelper.invokeMethod(MethodInvocationHelper.java:124)
at org.testng.internal.Invoker.invokeMethod(Invoker.java:583)
at org.testng.internal.Invoker.invokeTestMethod(Invoker.java:719)
at org.testng.internal.Invoker.invokeTestMethods(Invoker.java:989)
at org.testng.internal.TestMethodWorker.invokeTestMethods(TestMethodWorker.java:125)
at org.testng.internal.TestMethodWorker.run(TestMethodWorker.java:109)
at org.testng.TestRunner.privateRun(TestRunner.java:648)
at org.testng.TestRunner.run(TestRunner.java:505)
at org.testng.SuiteRunner.runTest(SuiteRunner.java:455)
at org.testng.SuiteRunner.runSequentially(SuiteRunner.java:450)
at org.testng.SuiteRunner.privateRun(SuiteRunner.java:415)
at org.testng.SuiteRunner.run(SuiteRunner.java:364)
at org.testng.SuiteRunnerWorker.runSuite(SuiteRunnerWorker.java:52)
at org.testng.SuiteRunnerWorker.run(SuiteRunnerWorker.java:84)
at org.testng.TestNG.runSuitesSequentially(TestNG.java:1208)
at org.testng.TestNG.runSuitesLocally(TestNG.java:1137)
at org.testng.TestNG.runSuites(TestNG.java:1049)
at org.testng.TestNG.run(TestNG.java:1017)
at org.apache.maven.surefire.testng.TestNGExecutor.run(TestNGExecutor.java:283)
at org.apache.maven.surefire.testng.TestNGXmlTestSuite.execute(TestNGXmlTestSuite.java:75)
at org.apache.maven.surefire.testng.TestNGProvider.invoke(TestNGProvider.java:120)
at org.apache.maven.surefire.booter.ForkedBooter.invokeProviderInSameClassLoader(ForkedBooter.java:384)
at org.apache.maven.surefire.booter.ForkedBooter.runSuitesInProcess(ForkedBooter.java:345)
at org.apache.maven.surefire.booter.ForkedBooter.execute(ForkedBooter.java:126)
at org.apache.maven.surefire.booter.ForkedBooter.main(ForkedBooter.java:418)
]]>
            </full-stacktrace>
          </exception> <!-- java.lang.AssertionError -->
          <reporter-output>
          </reporter-output>
        </test-method> <!-- test -->
        <test-method status="PASS" signature="test(int, int)[pri:0, instance:com.lizheng.test.TestParameterDataProvider@107ed6fc]" name="test" duration-ms="10" started-at="2021-10-20T14:16:25Z" data-provider="provideNumbers" finished-at="2021-10-20T14:16:25Z">
          <params>
            <param index="0">
              <value>
                <![CDATA[200]]>
              </value>
            </param>
            <param index="1">
              <value>
                <![CDATA[210]]>
              </value>
            </param>
          </params>
          <reporter-output>
          </reporter-output>
        </test-method> <!-- test -->
      </class> <!-- com.lizheng.test.TestParameterDataProvider -->
    </test> <!-- TestParameterDataProvider -->
    <test name="TestParameterDataProvider2" duration-ms="10" started-at="2021-10-20T14:16:25Z" finished-at="2021-10-20T14:16:25Z">
      <class name="com.lizheng.test.TestParameterDataProvider2">
        <test-method status="PASS" signature="testConnection(java.util.Map)[pri:0, instance:com.lizheng.test.TestParameterDataProvider2@297ea53a]" name="testConnection" duration-ms="10" started-at="2021-10-20T14:16:25Z" data-provider="dbconfig" finished-at="2021-10-20T14:16:25Z">
          <params>
            <param index="0">
              <value>
                <![CDATA[{jdbc.password=Liz48225248, jdbc.username=root, jdbc.url=jdbc:mysql://8.142.92.43:3306/loginProject, jdbc.driver=com.mysql.jdbc.Driver}]]>
              </value>
            </param>
          </params>
          <reporter-output>
          </reporter-output>
        </test-method> <!-- testConnection -->
      </class> <!-- com.lizheng.test.TestParameterDataProvider2 -->
    </test> <!-- TestParameterDataProvider2 -->
    <test name="TestParameterDataProvider3" duration-ms="95" started-at="2021-10-20T14:16:25Z" finished-at="2021-10-20T14:16:25Z">
      <class name="com.lizheng.test.TestParameterDataProvider3">
        <test-method status="PASS" signature="test1(int, int)[pri:0, instance:com.lizheng.test.TestParameterDataProvider3@741b3bc3]" name="test1" duration-ms="10" started-at="2021-10-20T14:16:25Z" data-provider="dataProvider" finished-at="2021-10-20T14:16:25Z">
          <params>
            <param index="0">
              <value>
                <![CDATA[200]]>
              </value>
            </param>
            <param index="1">
              <value>
                <![CDATA[200]]>
              </value>
            </param>
          </params>
          <reporter-output>
          </reporter-output>
        </test-method> <!-- test1 -->
        <test-method status="PASS" signature="test1(int, int)[pri:0, instance:com.lizheng.test.TestParameterDataProvider3@741b3bc3]" name="test1" duration-ms="0" started-at="2021-10-20T14:16:25Z" data-provider="dataProvider" finished-at="2021-10-20T14:16:25Z">
          <params>
            <param index="0">
              <value>
                <![CDATA[1]]>
              </value>
            </param>
            <param index="1">
              <value>
                <![CDATA[1]]>
              </value>
            </param>
          </params>
          <reporter-output>
          </reporter-output>
        </test-method> <!-- test1 -->
        <test-method status="PASS" signature="test2(java.lang.String, java.lang.String)[pri:0, instance:com.lizheng.test.TestParameterDataProvider3@741b3bc3]" name="test2" duration-ms="0" started-at="2021-10-20T14:16:25Z" data-provider="dataProvider" finished-at="2021-10-20T14:16:25Z">
          <params>
            <param index="0">
              <value>
                <![CDATA[test@gmail.com]]>
              </value>
            </param>
            <param index="1">
              <value>
                <![CDATA[test@gmail.com]]>
              </value>
            </param>
          </params>
          <reporter-output>
          </reporter-output>
        </test-method> <!-- test2 -->
        <test-method status="PASS" signature="test2(java.lang.String, java.lang.String)[pri:0, instance:com.lizheng.test.TestParameterDataProvider3@741b3bc3]" name="test2" duration-ms="0" started-at="2021-10-20T14:16:25Z" data-provider="dataProvider" finished-at="2021-10-20T14:16:25Z">
          <params>
            <param index="0">
              <value>
                <![CDATA[test@yahoo.com]]>
              </value>
            </param>
            <param index="1">
              <value>
                <![CDATA[test@yahoo.com]]>
              </value>
            </param>
          </params>
          <reporter-output>
          </reporter-output>
        </test-method> <!-- test2 -->
      </class> <!-- com.lizheng.test.TestParameterDataProvider3 -->
    </test> <!-- TestParameterDataProvider3 -->
    <test name="AutoTestFrameTestNG" duration-ms="11488" started-at="2021-10-20T14:16:25Z" finished-at="2021-10-20T14:16:36Z">
      <class name="com.lizheng.test.AutoTestFrameTestNG">
        <test-method status="PASS" signature="beforeTest()[pri:0, instance:com.lizheng.test.AutoTestFrameTestNG@6d366c9b]" name="beforeTest" is-config="true" duration-ms="1337" started-at="2021-10-20T14:16:25Z" finished-at="2021-10-20T14:16:26Z">
          <reporter-output>
          </reporter-output>
        </test-method> <!-- beforeTest -->
        <test-method status="PASS" signature="autoTest(java.lang.String, java.lang.String, java.lang.String, java.lang.String, java.lang.String, java.lang.String, java.lang.String, java.lang.String, java.lang.String, java.lang.String, java.lang.String, java.lang.String)[pri:0, instance:com.lizheng.test.AutoTestFrameTestNG@6d366c9b]" name="autoTest" duration-ms="1924" started-at="2021-10-20T14:16:27Z" data-provider="caseData" finished-at="2021-10-20T14:16:29Z">
          <params>
            <param index="0">
              <value>
                <![CDATA[1]]>
              </value>
            </param>
            <param index="1">
              <value>
                <![CDATA[无token]]>
              </value>
            </param>
            <param index="2">
              <value>
                <![CDATA[无token]]>
              </value>
            </param>
            <param index="3">
              <value>
                <![CDATA[doPostByUrl]]>
              </value>
            </param>
            <param index="4">
              <value>
                <![CDATA[http://8.142.92.43:8080/Inter/HTTP//auth]]>
              </value>
            </param>
            <param index="5">
              <value>
                <![CDATA[]]>
              </value>
            </param>
            <param index="6">
              <value>
                <![CDATA[]]>
              </value>
            </param>
            <param index="7">
              <value>
                <![CDATA[]]>
              </value>
            </param>
            <param index="8">
              <value>
                <![CDATA[]]>
              </value>
            </param>
            <param index="9">
              <value>
                <![CDATA[]]>
              </value>
            </param>
            <param index="10">
              <value>
                <![CDATA[]]>
              </value>
            </param>
            <param index="11">
              <value>
                <![CDATA[]]>
              </value>
            </param>
          </params>
          <reporter-output>
          </reporter-output>
        </test-method> <!-- autoTest -->
        <test-method status="PASS" signature="autoTest(java.lang.String, java.lang.String, java.lang.String, java.lang.String, java.lang.String, java.lang.String, java.lang.String, java.lang.String, java.lang.String, java.lang.String, java.lang.String, java.lang.String)[pri:0, instance:com.lizheng.test.AutoTestFrameTestNG@6d366c9b]" name="autoTest" duration-ms="119" started-at="2021-10-20T14:16:29Z" data-provider="caseData" finished-at="2021-10-20T14:16:29Z">
          <params>
            <param index="0">
              <value>
                <![CDATA[2]]>
              </value>
            </param>
            <param index="1">
              <value>
                <![CDATA[]]>
              </value>
            </param>
            <param index="2">
              <value>
                <![CDATA[]]>
              </value>
            </param>
            <param index="3">
              <value>
                <![CDATA[assertJsonEqual]]>
              </value>
            </param>
            <param index="4">
              <value>
                <![CDATA[$.status]]>
              </value>
            </param>
            <param index="5">
              <value>
                <![CDATA[200]]>
              </value>
            </param>
            <param index="6">
              <value>
                <![CDATA[]]>
              </value>
            </param>
            <param index="7">
              <value>
                <![CDATA[]]>
              </value>
            </param>
            <param index="8">
              <value>
                <![CDATA[]]>
              </value>
            </param>
            <param index="9">
              <value>
                <![CDATA[]]>
              </value>
            </param>
            <param index="10">
              <value>
                <![CDATA[]]>
              </value>
            </param>
            <param index="11">
              <value>
                <![CDATA[]]>
              </value>
            </param>
          </params>
          <reporter-output>
          </reporter-output>
        </test-method> <!-- autoTest -->
        <test-method status="PASS" signature="autoTest(java.lang.String, java.lang.String, java.lang.String, java.lang.String, java.lang.String, java.lang.String, java.lang.String, java.lang.String, java.lang.String, java.lang.String, java.lang.String, java.lang.String)[pri:0, instance:com.lizheng.test.AutoTestFrameTestNG@6d366c9b]" name="autoTest" duration-ms="0" started-at="2021-10-20T14:16:29Z" data-provider="caseData" finished-at="2021-10-20T14:16:29Z">
          <params>
            <param index="0">
              <value>
                <![CDATA[3]]>
              </value>
            </param>
            <param index="1">
              <value>
                <![CDATA[]]>
              </value>
            </param>
            <param index="2">
              <value>
                <![CDATA[]]>
              </value>
            </param>
            <param index="3">
              <value>
                <![CDATA[assertJsonContains]]>
              </value>
            </param>
            <param index="4">
              <value>
                <![CDATA[$.msg]]>
              </value>
            </param>
            <param index="5">
              <value>
                <![CDATA[success]]>
              </value>
            </param>
            <param index="6">
              <value>
                <![CDATA[]]>
              </value>
            </param>
            <param index="7">
              <value>
                <![CDATA[]]>
              </value>
            </param>
            <param index="8">
              <value>
                <![CDATA[]]>
              </value>
            </param>
            <param index="9">
              <value>
                <![CDATA[]]>
              </value>
            </param>
            <param index="10">
              <value>
                <![CDATA[]]>
              </value>
            </param>
            <param index="11">
              <value>
                <![CDATA[]]>
              </value>
            </param>
          </params>
          <reporter-output>
          </reporter-output>
        </test-method> <!-- autoTest -->
        <test-method status="PASS" signature="autoTest(java.lang.String, java.lang.String, java.lang.String, java.lang.String, java.lang.String, java.lang.String, java.lang.String, java.lang.String, java.lang.String, java.lang.String, java.lang.String, java.lang.String)[pri:0, instance:com.lizheng.test.AutoTestFrameTestNG@6d366c9b]" name="autoTest" duration-ms="13" started-at="2021-10-20T14:16:29Z" data-provider="caseData" finished-at="2021-10-20T14:16:29Z">
          <params>
            <param index="0">
              <value>
                <![CDATA[4]]>
              </value>
            </param>
            <param index="1">
              <value>
                <![CDATA[token为空]]>
              </value>
            </param>
            <param index="2">
              <value>
                <![CDATA[添加头]]>
              </value>
            </param>
            <param index="3">
              <value>
                <![CDATA[addHeader]]>
              </value>
            </param>
            <param index="4">
              <value>
                <![CDATA[{"token":""}]]>
              </value>
            </param>
            <param index="5">
              <value>
                <![CDATA[]]>
              </value>
            </param>
            <param index="6">
              <value>
                <![CDATA[]]>
              </value>
            </param>
            <param index="7">
              <value>
                <![CDATA[]]>
              </value>
            </param>
            <param index="8">
              <value>
                <![CDATA[]]>
              </value>
            </param>
            <param index="9">
              <value>
                <![CDATA[]]>
              </value>
            </param>
            <param index="10">
              <value>
                <![CDATA[]]>
              </value>
            </param>
            <param index="11">
              <value>
                <![CDATA[]]>
              </value>
            </param>
          </params>
          <reporter-output>
          </reporter-output>
        </test-method> <!-- autoTest -->
        <test-method status="PASS" signature="autoTest(java.lang.String, java.lang.String, java.lang.String, java.lang.String, java.lang.String, java.lang.String, java.lang.String, java.lang.String, java.lang.String, java.lang.String, java.lang.String, java.lang.String)[pri:0, instance:com.lizheng.test.AutoTestFrameTestNG@6d366c9b]" name="autoTest" duration-ms="87" started-at="2021-10-20T14:16:29Z" data-provider="caseData" finished-at="2021-10-20T14:16:29Z">
          <params>
            <param index="0">
              <value>
                <![CDATA[5]]>
              </value>
            </param>
            <param index="1">
              <value>
                <![CDATA[]]>
              </value>
            </param>
            <param index="2">
              <value>
                <![CDATA[空token]]>
              </value>
            </param>
            <param index="3">
              <value>
                <![CDATA[doPostByUrl]]>
              </value>
            </param>
            <param index="4">
              <value>
                <![CDATA[http://8.142.92.43:8080/Inter/HTTP//auth]]>
              </value>
            </param>
            <param index="5">
              <value>
                <![CDATA[]]>
              </value>
            </param>
            <param index="6">
              <value>
                <![CDATA[]]>
              </value>
            </param>
            <param index="7">
              <value>
                <![CDATA[]]>
              </value>
            </param>
            <param index="8">
              <value>
                <![CDATA[]]>
              </value>
            </param>
            <param index="9">
              <value>
                <![CDATA[]]>
              </value>
            </param>
            <param index="10">
              <value>
                <![CDATA[]]>
              </value>
            </param>
            <param index="11">
              <value>
                <![CDATA[]]>
              </value>
            </param>
          </params>
          <reporter-output>
          </reporter-output>
        </test-method> <!-- autoTest -->
        <test-method status="PASS" signature="autoTest(java.lang.String, java.lang.String, java.lang.String, java.lang.String, java.lang.String, java.lang.String, java.lang.String, java.lang.String, java.lang.String, java.lang.String, java.lang.String, java.lang.String)[pri:0, instance:com.lizheng.test.AutoTestFrameTestNG@6d366c9b]" name="autoTest" duration-ms="0" started-at="2021-10-20T14:16:29Z" data-provider="caseData" finished-at="2021-10-20T14:16:29Z">
          <params>
            <param index="0">
              <value>
                <![CDATA[6]]>
              </value>
            </param>
            <param index="1">
              <value>
                <![CDATA[]]>
              </value>
            </param>
            <param index="2">
              <value>
                <![CDATA[]]>
              </value>
            </param>
            <param index="3">
              <value>
                <![CDATA[assertJsonContains]]>
              </value>
            </param>
            <param index="4">
              <value>
                <![CDATA[$.status]]>
              </value>
            </param>
            <param index="5">
              <value>
                <![CDATA[200]]>
              </value>
            </param>
            <param index="6">
              <value>
                <![CDATA[]]>
              </value>
            </param>
            <param index="7">
              <value>
                <![CDATA[]]>
              </value>
            </param>
            <param index="8">
              <value>
                <![CDATA[]]>
              </value>
            </param>
            <param index="9">
              <value>
                <![CDATA[]]>
              </value>
            </param>
            <param index="10">
              <value>
                <![CDATA[]]>
              </value>
            </param>
            <param index="11">
              <value>
                <![CDATA[]]>
              </value>
            </param>
          </params>
          <reporter-output>
          </reporter-output>
        </test-method> <!-- autoTest -->
        <test-method status="PASS" signature="autoTest(java.lang.String, java.lang.String, java.lang.String, java.lang.String, java.lang.String, java.lang.String, java.lang.String, java.lang.String, java.lang.String, java.lang.String, java.lang.String, java.lang.String)[pri:0, instance:com.lizheng.test.AutoTestFrameTestNG@6d366c9b]" name="autoTest" duration-ms="7" started-at="2021-10-20T14:16:29Z" data-provider="caseData" finished-at="2021-10-20T14:16:29Z">
          <params>
            <param index="0">
              <value>
                <![CDATA[7]]>
              </value>
            </param>
            <param index="1">
              <value>
                <![CDATA[token过长]]>
              </value>
            </param>
            <param index="2">
              <value>
                <![CDATA[添加头]]>
              </value>
            </param>
            <param index="3">
              <value>
                <![CDATA[addHeader]]>
              </value>
            </param>
            <param index="4">
              <value>
                <![CDATA[{"token":"adsfklajfkalfkalfaklsdjfkadsljfklasdfjaldsfjklasdfjkdsajfklds"}]]>
              </value>
            </param>
            <param index="5">
              <value>
                <![CDATA[]]>
              </value>
            </param>
            <param index="6">
              <value>
                <![CDATA[]]>
              </value>
            </param>
            <param index="7">
              <value>
                <![CDATA[]]>
              </value>
            </param>
            <param index="8">
              <value>
                <![CDATA[]]>
              </value>
            </param>
            <param index="9">
              <value>
                <![CDATA[]]>
              </value>
            </param>
            <param index="10">
              <value>
                <![CDATA[]]>
              </value>
            </param>
            <param index="11">
              <value>
                <![CDATA[]]>
              </value>
            </param>
          </params>
          <reporter-output>
          </reporter-output>
        </test-method> <!-- autoTest -->
        <test-method status="PASS" signature="autoTest(java.lang.String, java.lang.String, java.lang.String, java.lang.String, java.lang.String, java.lang.String, java.lang.String, java.lang.String, java.lang.String, java.lang.String, java.lang.String, java.lang.String)[pri:0, instance:com.lizheng.test.AutoTestFrameTestNG@6d366c9b]" name="autoTest" duration-ms="89" started-at="2021-10-20T14:16:29Z" data-provider="caseData" finished-at="2021-10-20T14:16:29Z">
          <params>
            <param index="0">
              <value>
                <![CDATA[8]]>
              </value>
            </param>
            <param index="1">
              <value>
                <![CDATA[]]>
              </value>
            </param>
            <param index="2">
              <value>
                <![CDATA[token过长]]>
              </value>
            </param>
            <param index="3">
              <value>
                <![CDATA[doPostByUrl]]>
              </value>
            </param>
            <param index="4">
              <value>
                <![CDATA[http://8.142.92.43:8080/Inter/HTTP//auth]]>
              </value>
            </param>
            <param index="5">
              <value>
                <![CDATA[]]>
              </value>
            </param>
            <param index="6">
              <value>
                <![CDATA[]]>
              </value>
            </param>
            <param index="7">
              <value>
                <![CDATA[]]>
              </value>
            </param>
            <param index="8">
              <value>
                <![CDATA[]]>
              </value>
            </param>
            <param index="9">
              <value>
                <![CDATA[]]>
              </value>
            </param>
            <param index="10">
              <value>
                <![CDATA[]]>
              </value>
            </param>
            <param index="11">
              <value>
                <![CDATA[]]>
              </value>
            </param>
          </params>
          <reporter-output>
          </reporter-output>
        </test-method> <!-- autoTest -->
        <test-method status="PASS" signature="autoTest(java.lang.String, java.lang.String, java.lang.String, java.lang.String, java.lang.String, java.lang.String, java.lang.String, java.lang.String, java.lang.String, java.lang.String, java.lang.String, java.lang.String)[pri:0, instance:com.lizheng.test.AutoTestFrameTestNG@6d366c9b]" name="autoTest" duration-ms="0" started-at="2021-10-20T14:16:29Z" data-provider="caseData" finished-at="2021-10-20T14:16:29Z">
          <params>
            <param index="0">
              <value>
                <![CDATA[9]]>
              </value>
            </param>
            <param index="1">
              <value>
                <![CDATA[]]>
              </value>
            </param>
            <param index="2">
              <value>
                <![CDATA[]]>
              </value>
            </param>
            <param index="3">
              <value>
                <![CDATA[assertJsonContains]]>
              </value>
            </param>
            <param index="4">
              <value>
                <![CDATA[$.status]]>
              </value>
            </param>
            <param index="5">
              <value>
                <![CDATA[200]]>
              </value>
            </param>
            <param index="6">
              <value>
                <![CDATA[]]>
              </value>
            </param>
            <param index="7">
              <value>
                <![CDATA[]]>
              </value>
            </param>
            <param index="8">
              <value>
                <![CDATA[]]>
              </value>
            </param>
            <param index="9">
              <value>
                <![CDATA[]]>
              </value>
            </param>
            <param index="10">
              <value>
                <![CDATA[]]>
              </value>
            </param>
            <param index="11">
              <value>
                <![CDATA[]]>
              </value>
            </param>
          </params>
          <reporter-output>
          </reporter-output>
        </test-method> <!-- autoTest -->
        <test-method status="PASS" signature="autoTest(java.lang.String, java.lang.String, java.lang.String, java.lang.String, java.lang.String, java.lang.String, java.lang.String, java.lang.String, java.lang.String, java.lang.String, java.lang.String, java.lang.String)[pri:0, instance:com.lizheng.test.AutoTestFrameTestNG@6d366c9b]" name="autoTest" duration-ms="0" started-at="2021-10-20T14:16:29Z" data-provider="caseData" finished-at="2021-10-20T14:16:29Z">
          <params>
            <param index="0">
              <value>
                <![CDATA[10]]>
              </value>
            </param>
            <param index="1">
              <value>
                <![CDATA[]]>
              </value>
            </param>
            <param index="2">
              <value>
                <![CDATA[保存参数]]>
              </value>
            </param>
            <param index="3">
              <value>
                <![CDATA[saveParam]]>
              </value>
            </param>
            <param index="4">
              <value>
                <![CDATA[token]]>
              </value>
            </param>
            <param index="5">
              <value>
                <![CDATA[$.token]]>
              </value>
            </param>
            <param index="6">
              <value>
                <![CDATA[]]>
              </value>
            </param>
            <param index="7">
              <value>
                <![CDATA[]]>
              </value>
            </param>
            <param index="8">
              <value>
                <![CDATA[]]>
              </value>
            </param>
            <param index="9">
              <value>
                <![CDATA[]]>
              </value>
            </param>
            <param index="10">
              <value>
                <![CDATA[]]>
              </value>
            </param>
            <param index="11">
              <value>
                <![CDATA[]]>
              </value>
            </param>
          </params>
          <reporter-output>
          </reporter-output>
        </test-method> <!-- autoTest -->
        <test-method status="PASS" signature="autoTest(java.lang.String, java.lang.String, java.lang.String, java.lang.String, java.lang.String, java.lang.String, java.lang.String, java.lang.String, java.lang.String, java.lang.String, java.lang.String, java.lang.String)[pri:0, instance:com.lizheng.test.AutoTestFrameTestNG@6d366c9b]" name="autoTest" duration-ms="2" started-at="2021-10-20T14:16:29Z" data-provider="caseData" finished-at="2021-10-20T14:16:29Z">
          <params>
            <param index="0">
              <value>
                <![CDATA[11]]>
              </value>
            </param>
            <param index="1">
              <value>
                <![CDATA[正常token]]>
              </value>
            </param>
            <param index="2">
              <value>
                <![CDATA[更新头]]>
              </value>
            </param>
            <param index="3">
              <value>
                <![CDATA[addHeader]]>
              </value>
            </param>
            <param index="4">
              <value>
                <![CDATA[{"token":"5c4e6acab39e4072814e2af85bb300aa"}]]>
              </value>
            </param>
            <param index="5">
              <value>
                <![CDATA[]]>
              </value>
            </param>
            <param index="6">
              <value>
                <![CDATA[]]>
              </value>
            </param>
            <param index="7">
              <value>
                <![CDATA[]]>
              </value>
            </param>
            <param index="8">
              <value>
                <![CDATA[]]>
              </value>
            </param>
            <param index="9">
              <value>
                <![CDATA[]]>
              </value>
            </param>
            <param index="10">
              <value>
                <![CDATA[]]>
              </value>
            </param>
            <param index="11">
              <value>
                <![CDATA[]]>
              </value>
            </param>
          </params>
          <reporter-output>
          </reporter-output>
        </test-method> <!-- autoTest -->
        <test-method status="PASS" signature="autoTest(java.lang.String, java.lang.String, java.lang.String, java.lang.String, java.lang.String, java.lang.String, java.lang.String, java.lang.String, java.lang.String, java.lang.String, java.lang.String, java.lang.String)[pri:0, instance:com.lizheng.test.AutoTestFrameTestNG@6d366c9b]" name="autoTest" duration-ms="86" started-at="2021-10-20T14:16:29Z" data-provider="caseData" finished-at="2021-10-20T14:16:29Z">
          <params>
            <param index="0">
              <value>
                <![CDATA[12]]>
              </value>
            </param>
            <param index="1">
              <value>
                <![CDATA[]]>
              </value>
            </param>
            <param index="2">
              <value>
                <![CDATA[有效token]]>
              </value>
            </param>
            <param index="3">
              <value>
                <![CDATA[doPostByUrl]]>
              </value>
            </param>
            <param index="4">
              <value>
                <![CDATA[http://8.142.92.43:8080/Inter/HTTP//auth]]>
              </value>
            </param>
            <param index="5">
              <value>
                <![CDATA[]]>
              </value>
            </param>
            <param index="6">
              <value>
                <![CDATA[]]>
              </value>
            </param>
            <param index="7">
              <value>
                <![CDATA[]]>
              </value>
            </param>
            <param index="8">
              <value>
                <![CDATA[]]>
              </value>
            </param>
            <param index="9">
              <value>
                <![CDATA[]]>
              </value>
            </param>
            <param index="10">
              <value>
                <![CDATA[]]>
              </value>
            </param>
            <param index="11">
              <value>
                <![CDATA[]]>
              </value>
            </param>
          </params>
          <reporter-output>
          </reporter-output>
        </test-method> <!-- autoTest -->
        <test-method status="PASS" signature="autoTest(java.lang.String, java.lang.String, java.lang.String, java.lang.String, java.lang.String, java.lang.String, java.lang.String, java.lang.String, java.lang.String, java.lang.String, java.lang.String, java.lang.String)[pri:0, instance:com.lizheng.test.AutoTestFrameTestNG@6d366c9b]" name="autoTest" duration-ms="11" started-at="2021-10-20T14:16:29Z" data-provider="caseData" finished-at="2021-10-20T14:16:29Z">
          <params>
            <param index="0">
              <value>
                <![CDATA[13]]>
              </value>
            </param>
            <param index="1">
              <value>
                <![CDATA[]]>
              </value>
            </param>
            <param index="2">
              <value>
                <![CDATA[]]>
              </value>
            </param>
            <param index="3">
              <value>
                <![CDATA[assertJsonEqual]]>
              </value>
            </param>
            <param index="4">
              <value>
                <![CDATA[$.status]]>
              </value>
            </param>
            <param index="5">
              <value>
                <![CDATA[200]]>
              </value>
            </param>
            <param index="6">
              <value>
                <![CDATA[]]>
              </value>
            </param>
            <param index="7">
              <value>
                <![CDATA[]]>
              </value>
            </param>
            <param index="8">
              <value>
                <![CDATA[]]>
              </value>
            </param>
            <param index="9">
              <value>
                <![CDATA[]]>
              </value>
            </param>
            <param index="10">
              <value>
                <![CDATA[]]>
              </value>
            </param>
            <param index="11">
              <value>
                <![CDATA[]]>
              </value>
            </param>
          </params>
          <reporter-output>
          </reporter-output>
        </test-method> <!-- autoTest -->
        <test-method status="PASS" signature="autoTest(java.lang.String, java.lang.String, java.lang.String, java.lang.String, java.lang.String, java.lang.String, java.lang.String, java.lang.String, java.lang.String, java.lang.String, java.lang.String, java.lang.String)[pri:0, instance:com.lizheng.test.AutoTestFrameTestNG@6d366c9b]" name="autoTest" duration-ms="10" started-at="2021-10-20T14:16:29Z" data-provider="caseData" finished-at="2021-10-20T14:16:29Z">
          <params>
            <param index="0">
              <value>
                <![CDATA[14]]>
              </value>
            </param>
            <param index="1">
              <value>
                <![CDATA[已授权token]]>
              </value>
            </param>
            <param index="2">
              <value>
                <![CDATA[更新头]]>
              </value>
            </param>
            <param index="3">
              <value>
                <![CDATA[addHeader]]>
              </value>
            </param>
            <param index="4">
              <value>
                <![CDATA[{"token":"{{token}}"}]]>
              </value>
            </param>
            <param index="5">
              <value>
                <![CDATA[]]>
              </value>
            </param>
            <param index="6">
              <value>
                <![CDATA[]]>
              </value>
            </param>
            <param index="7">
              <value>
                <![CDATA[]]>
              </value>
            </param>
            <param index="8">
              <value>
                <![CDATA[]]>
              </value>
            </param>
            <param index="9">
              <value>
                <![CDATA[]]>
              </value>
            </param>
            <param index="10">
              <value>
                <![CDATA[]]>
              </value>
            </param>
            <param index="11">
              <value>
                <![CDATA[]]>
              </value>
            </param>
          </params>
          <reporter-output>
          </reporter-output>
        </test-method> <!-- autoTest -->
        <test-method status="PASS" signature="autoTest(java.lang.String, java.lang.String, java.lang.String, java.lang.String, java.lang.String, java.lang.String, java.lang.String, java.lang.String, java.lang.String, java.lang.String, java.lang.String, java.lang.String)[pri:0, instance:com.lizheng.test.AutoTestFrameTestNG@6d366c9b]" name="autoTest" duration-ms="102" started-at="2021-10-20T14:16:29Z" data-provider="caseData" finished-at="2021-10-20T14:16:29Z">
          <params>
            <param index="0">
              <value>
                <![CDATA[15]]>
              </value>
            </param>
            <param index="1">
              <value>
                <![CDATA[]]>
              </value>
            </param>
            <param index="2">
              <value>
                <![CDATA[已授权token]]>
              </value>
            </param>
            <param index="3">
              <value>
                <![CDATA[doPostByUrl]]>
              </value>
            </param>
            <param index="4">
              <value>
                <![CDATA[http://8.142.92.43:8080/Inter/HTTP//auth]]>
              </value>
            </param>
            <param index="5">
              <value>
                <![CDATA[]]>
              </value>
            </param>
            <param index="6">
              <value>
                <![CDATA[]]>
              </value>
            </param>
            <param index="7">
              <value>
                <![CDATA[]]>
              </value>
            </param>
            <param index="8">
              <value>
                <![CDATA[]]>
              </value>
            </param>
            <param index="9">
              <value>
                <![CDATA[]]>
              </value>
            </param>
            <param index="10">
              <value>
                <![CDATA[]]>
              </value>
            </param>
            <param index="11">
              <value>
                <![CDATA[]]>
              </value>
            </param>
          </params>
          <reporter-output>
          </reporter-output>
        </test-method> <!-- autoTest -->
        <test-method status="PASS" signature="autoTest(java.lang.String, java.lang.String, java.lang.String, java.lang.String, java.lang.String, java.lang.String, java.lang.String, java.lang.String, java.lang.String, java.lang.String, java.lang.String, java.lang.String)[pri:0, instance:com.lizheng.test.AutoTestFrameTestNG@6d366c9b]" name="autoTest" duration-ms="10" started-at="2021-10-20T14:16:29Z" data-provider="caseData" finished-at="2021-10-20T14:16:29Z">
          <params>
            <param index="0">
              <value>
                <![CDATA[16]]>
              </value>
            </param>
            <param index="1">
              <value>
                <![CDATA[]]>
              </value>
            </param>
            <param index="2">
              <value>
                <![CDATA[]]>
              </value>
            </param>
            <param index="3">
              <value>
                <![CDATA[assertJsonEqual]]>
              </value>
            </param>
            <param index="4">
              <value>
                <![CDATA[$.status]]>
              </value>
            </param>
            <param index="5">
              <value>
                <![CDATA[201]]>
              </value>
            </param>
            <param index="6">
              <value>
                <![CDATA[]]>
              </value>
            </param>
            <param index="7">
              <value>
                <![CDATA[]]>
              </value>
            </param>
            <param index="8">
              <value>
                <![CDATA[]]>
              </value>
            </param>
            <param index="9">
              <value>
                <![CDATA[]]>
              </value>
            </param>
            <param index="10">
              <value>
                <![CDATA[]]>
              </value>
            </param>
            <param index="11">
              <value>
                <![CDATA[]]>
              </value>
            </param>
          </params>
          <reporter-output>
          </reporter-output>
        </test-method> <!-- autoTest -->
        <test-method status="PASS" signature="autoTest(java.lang.String, java.lang.String, java.lang.String, java.lang.String, java.lang.String, java.lang.String, java.lang.String, java.lang.String, java.lang.String, java.lang.String, java.lang.String, java.lang.String)[pri:0, instance:com.lizheng.test.AutoTestFrameTestNG@6d366c9b]" name="autoTest" duration-ms="3" started-at="2021-10-20T14:16:29Z" data-provider="caseData" finished-at="2021-10-20T14:16:29Z">
          <params>
            <param index="0">
              <value>
                <![CDATA[17]]>
              </value>
            </param>
            <param index="1">
              <value>
                <![CDATA[无token]]>
              </value>
            </param>
            <param index="2">
              <value>
                <![CDATA[清空头域]]>
              </value>
            </param>
            <param index="3">
              <value>
                <![CDATA[clearHeader]]>
              </value>
            </param>
            <param index="4">
              <value>
                <![CDATA[]]>
              </value>
            </param>
            <param index="5">
              <value>
                <![CDATA[]]>
              </value>
            </param>
            <param index="6">
              <value>
                <![CDATA[]]>
              </value>
            </param>
            <param index="7">
              <value>
                <![CDATA[]]>
              </value>
            </param>
            <param index="8">
              <value>
                <![CDATA[]]>
              </value>
            </param>
            <param index="9">
              <value>
                <![CDATA[]]>
              </value>
            </param>
            <param index="10">
              <value>
                <![CDATA[]]>
              </value>
            </param>
            <param index="11">
              <value>
                <![CDATA[]]>
              </value>
            </param>
          </params>
          <reporter-output>
          </reporter-output>
        </test-method> <!-- autoTest -->
        <test-method status="PASS" signature="autoTest(java.lang.String, java.lang.String, java.lang.String, java.lang.String, java.lang.String, java.lang.String, java.lang.String, java.lang.String, java.lang.String, java.lang.String, java.lang.String, java.lang.String)[pri:0, instance:com.lizheng.test.AutoTestFrameTestNG@6d366c9b]" name="autoTest" duration-ms="94" started-at="2021-10-20T14:16:29Z" data-provider="caseData" finished-at="2021-10-20T14:16:29Z">
          <params>
            <param index="0">
              <value>
                <![CDATA[18]]>
              </value>
            </param>
            <param index="1">
              <value>
                <![CDATA[]]>
              </value>
            </param>
            <param index="2">
              <value>
                <![CDATA[无token登录]]>
              </value>
            </param>
            <param index="3">
              <value>
                <![CDATA[doPostByUrl]]>
              </value>
            </param>
            <param index="4">
              <value>
                <![CDATA[http://8.142.92.43:8080/Inter/HTTP//login]]>
              </value>
            </param>
            <param index="5">
              <value>
                <![CDATA[username=lizheng&password=1234567]]>
              </value>
            </param>
            <param index="6">
              <value>
                <![CDATA[]]>
              </value>
            </param>
            <param index="7">
              <value>
                <![CDATA[]]>
              </value>
            </param>
            <param index="8">
              <value>
                <![CDATA[]]>
              </value>
            </param>
            <param index="9">
              <value>
                <![CDATA[]]>
              </value>
            </param>
            <param index="10">
              <value>
                <![CDATA[]]>
              </value>
            </param>
            <param index="11">
              <value>
                <![CDATA[]]>
              </value>
            </param>
          </params>
          <reporter-output>
          </reporter-output>
        </test-method> <!-- autoTest -->
        <test-method status="PASS" signature="autoTest(java.lang.String, java.lang.String, java.lang.String, java.lang.String, java.lang.String, java.lang.String, java.lang.String, java.lang.String, java.lang.String, java.lang.String, java.lang.String, java.lang.String)[pri:0, instance:com.lizheng.test.AutoTestFrameTestNG@6d366c9b]" name="autoTest" duration-ms="11" started-at="2021-10-20T14:16:29Z" data-provider="caseData" finished-at="2021-10-20T14:16:29Z">
          <params>
            <param index="0">
              <value>
                <![CDATA[19]]>
              </value>
            </param>
            <param index="1">
              <value>
                <![CDATA[]]>
              </value>
            </param>
            <param index="2">
              <value>
                <![CDATA[]]>
              </value>
            </param>
            <param index="3">
              <value>
                <![CDATA[assertJsonEqual]]>
              </value>
            </param>
            <param index="4">
              <value>
                <![CDATA[$.msg]]>
              </value>
            </param>
            <param index="5">
              <value>
                <![CDATA[非法请求]]>
              </value>
            </param>
            <param index="6">
              <value>
                <![CDATA[]]>
              </value>
            </param>
            <param index="7">
              <value>
                <![CDATA[]]>
              </value>
            </param>
            <param index="8">
              <value>
                <![CDATA[]]>
              </value>
            </param>
            <param index="9">
              <value>
                <![CDATA[]]>
              </value>
            </param>
            <param index="10">
              <value>
                <![CDATA[]]>
              </value>
            </param>
            <param index="11">
              <value>
                <![CDATA[]]>
              </value>
            </param>
          </params>
          <reporter-output>
          </reporter-output>
        </test-method> <!-- autoTest -->
        <test-method status="PASS" signature="autoTest(java.lang.String, java.lang.String, java.lang.String, java.lang.String, java.lang.String, java.lang.String, java.lang.String, java.lang.String, java.lang.String, java.lang.String, java.lang.String, java.lang.String)[pri:0, instance:com.lizheng.test.AutoTestFrameTestNG@6d366c9b]" name="autoTest" duration-ms="0" started-at="2021-10-20T14:16:29Z" data-provider="caseData" finished-at="2021-10-20T14:16:29Z">
          <params>
            <param index="0">
              <value>
                <![CDATA[20]]>
              </value>
            </param>
            <param index="1">
              <value>
                <![CDATA[空token]]>
              </value>
            </param>
            <param index="2">
              <value>
                <![CDATA[添加空token]]>
              </value>
            </param>
            <param index="3">
              <value>
                <![CDATA[addHeader]]>
              </value>
            </param>
            <param index="4">
              <value>
                <![CDATA[{”token”:""}]]>
              </value>
            </param>
            <param index="5">
              <value>
                <![CDATA[]]>
              </value>
            </param>
            <param index="6">
              <value>
                <![CDATA[]]>
              </value>
            </param>
            <param index="7">
              <value>
                <![CDATA[]]>
              </value>
            </param>
            <param index="8">
              <value>
                <![CDATA[]]>
              </value>
            </param>
            <param index="9">
              <value>
                <![CDATA[]]>
              </value>
            </param>
            <param index="10">
              <value>
                <![CDATA[]]>
              </value>
            </param>
            <param index="11">
              <value>
                <![CDATA[]]>
              </value>
            </param>
          </params>
          <reporter-output>
          </reporter-output>
        </test-method> <!-- autoTest -->
        <test-method status="PASS" signature="autoTest(java.lang.String, java.lang.String, java.lang.String, java.lang.String, java.lang.String, java.lang.String, java.lang.String, java.lang.String, java.lang.String, java.lang.String, java.lang.String, java.lang.String)[pri:0, instance:com.lizheng.test.AutoTestFrameTestNG@6d366c9b]" name="autoTest" duration-ms="84" started-at="2021-10-20T14:16:29Z" data-provider="caseData" finished-at="2021-10-20T14:16:29Z">
          <params>
            <param index="0">
              <value>
                <![CDATA[21]]>
              </value>
            </param>
            <param index="1">
              <value>
                <![CDATA[]]>
              </value>
            </param>
            <param index="2">
              <value>
                <![CDATA[无token登录]]>
              </value>
            </param>
            <param index="3">
              <value>
                <![CDATA[doPostByUrl]]>
              </value>
            </param>
            <param index="4">
              <value>
                <![CDATA[http://8.142.92.43:8080/Inter/HTTP//login]]>
              </value>
            </param>
            <param index="5">
              <value>
                <![CDATA[username=lizheng&password=1234567]]>
              </value>
            </param>
            <param index="6">
              <value>
                <![CDATA[]]>
              </value>
            </param>
            <param index="7">
              <value>
                <![CDATA[]]>
              </value>
            </param>
            <param index="8">
              <value>
                <![CDATA[]]>
              </value>
            </param>
            <param index="9">
              <value>
                <![CDATA[]]>
              </value>
            </param>
            <param index="10">
              <value>
                <![CDATA[]]>
              </value>
            </param>
            <param index="11">
              <value>
                <![CDATA[]]>
              </value>
            </param>
          </params>
          <reporter-output>
          </reporter-output>
        </test-method> <!-- autoTest -->
        <test-method status="PASS" signature="autoTest(java.lang.String, java.lang.String, java.lang.String, java.lang.String, java.lang.String, java.lang.String, java.lang.String, java.lang.String, java.lang.String, java.lang.String, java.lang.String, java.lang.String)[pri:0, instance:com.lizheng.test.AutoTestFrameTestNG@6d366c9b]" name="autoTest" duration-ms="0" started-at="2021-10-20T14:16:29Z" data-provider="caseData" finished-at="2021-10-20T14:16:29Z">
          <params>
            <param index="0">
              <value>
                <![CDATA[22]]>
              </value>
            </param>
            <param index="1">
              <value>
                <![CDATA[]]>
              </value>
            </param>
            <param index="2">
              <value>
                <![CDATA[]]>
              </value>
            </param>
            <param index="3">
              <value>
                <![CDATA[assertJsonEqual]]>
              </value>
            </param>
            <param index="4">
              <value>
                <![CDATA[$.msg]]>
              </value>
            </param>
            <param index="5">
              <value>
                <![CDATA[非法请求]]>
              </value>
            </param>
            <param index="6">
              <value>
                <![CDATA[]]>
              </value>
            </param>
            <param index="7">
              <value>
                <![CDATA[]]>
              </value>
            </param>
            <param index="8">
              <value>
                <![CDATA[]]>
              </value>
            </param>
            <param index="9">
              <value>
                <![CDATA[]]>
              </value>
            </param>
            <param index="10">
              <value>
                <![CDATA[]]>
              </value>
            </param>
            <param index="11">
              <value>
                <![CDATA[]]>
              </value>
            </param>
          </params>
          <reporter-output>
          </reporter-output>
        </test-method> <!-- autoTest -->
        <test-method status="PASS" signature="autoTest(java.lang.String, java.lang.String, java.lang.String, java.lang.String, java.lang.String, java.lang.String, java.lang.String, java.lang.String, java.lang.String, java.lang.String, java.lang.String, java.lang.String)[pri:0, instance:com.lizheng.test.AutoTestFrameTestNG@6d366c9b]" name="autoTest" duration-ms="8" started-at="2021-10-20T14:16:29Z" data-provider="caseData" finished-at="2021-10-20T14:16:29Z">
          <params>
            <param index="0">
              <value>
                <![CDATA[23]]>
              </value>
            </param>
            <param index="1">
              <value>
                <![CDATA[token过长]]>
              </value>
            </param>
            <param index="2">
              <value>
                <![CDATA[token过长]]>
              </value>
            </param>
            <param index="3">
              <value>
                <![CDATA[addHeader]]>
              </value>
            </param>
            <param index="4">
              <value>
                <![CDATA[{"token":"adsfklajfkalfkalfaklsdjfkadsljfklasdfjaldsfjklasdfjkdsajfklds"}]]>
              </value>
            </param>
            <param index="5">
              <value>
                <![CDATA[]]>
              </value>
            </param>
            <param index="6">
              <value>
                <![CDATA[]]>
              </value>
            </param>
            <param index="7">
              <value>
                <![CDATA[]]>
              </value>
            </param>
            <param index="8">
              <value>
                <![CDATA[]]>
              </value>
            </param>
            <param index="9">
              <value>
                <![CDATA[]]>
              </value>
            </param>
            <param index="10">
              <value>
                <![CDATA[]]>
              </value>
            </param>
            <param index="11">
              <value>
                <![CDATA[]]>
              </value>
            </param>
          </params>
          <reporter-output>
          </reporter-output>
        </test-method> <!-- autoTest -->
        <test-method status="PASS" signature="autoTest(java.lang.String, java.lang.String, java.lang.String, java.lang.String, java.lang.String, java.lang.String, java.lang.String, java.lang.String, java.lang.String, java.lang.String, java.lang.String, java.lang.String)[pri:0, instance:com.lizheng.test.AutoTestFrameTestNG@6d366c9b]" name="autoTest" duration-ms="96" started-at="2021-10-20T14:16:29Z" data-provider="caseData" finished-at="2021-10-20T14:16:30Z">
          <params>
            <param index="0">
              <value>
                <![CDATA[24]]>
              </value>
            </param>
            <param index="1">
              <value>
                <![CDATA[]]>
              </value>
            </param>
            <param index="2">
              <value>
                <![CDATA[无token登录]]>
              </value>
            </param>
            <param index="3">
              <value>
                <![CDATA[doPostByUrl]]>
              </value>
            </param>
            <param index="4">
              <value>
                <![CDATA[http://8.142.92.43:8080/Inter/HTTP//login]]>
              </value>
            </param>
            <param index="5">
              <value>
                <![CDATA[username=lizheng&password=1234567]]>
              </value>
            </param>
            <param index="6">
              <value>
                <![CDATA[]]>
              </value>
            </param>
            <param index="7">
              <value>
                <![CDATA[]]>
              </value>
            </param>
            <param index="8">
              <value>
                <![CDATA[]]>
              </value>
            </param>
            <param index="9">
              <value>
                <![CDATA[]]>
              </value>
            </param>
            <param index="10">
              <value>
                <![CDATA[]]>
              </value>
            </param>
            <param index="11">
              <value>
                <![CDATA[]]>
              </value>
            </param>
          </params>
          <reporter-output>
          </reporter-output>
        </test-method> <!-- autoTest -->
        <test-method status="PASS" signature="autoTest(java.lang.String, java.lang.String, java.lang.String, java.lang.String, java.lang.String, java.lang.String, java.lang.String, java.lang.String, java.lang.String, java.lang.String, java.lang.String, java.lang.String)[pri:0, instance:com.lizheng.test.AutoTestFrameTestNG@6d366c9b]" name="autoTest" duration-ms="10" started-at="2021-10-20T14:16:30Z" data-provider="caseData" finished-at="2021-10-20T14:16:30Z">
          <params>
            <param index="0">
              <value>
                <![CDATA[25]]>
              </value>
            </param>
            <param index="1">
              <value>
                <![CDATA[]]>
              </value>
            </param>
            <param index="2">
              <value>
                <![CDATA[]]>
              </value>
            </param>
            <param index="3">
              <value>
                <![CDATA[assertJsonEqual]]>
              </value>
            </param>
            <param index="4">
              <value>
                <![CDATA[$.msg]]>
              </value>
            </param>
            <param index="5">
              <value>
                <![CDATA[非法请求]]>
              </value>
            </param>
            <param index="6">
              <value>
                <![CDATA[]]>
              </value>
            </param>
            <param index="7">
              <value>
                <![CDATA[]]>
              </value>
            </param>
            <param index="8">
              <value>
                <![CDATA[]]>
              </value>
            </param>
            <param index="9">
              <value>
                <![CDATA[]]>
              </value>
            </param>
            <param index="10">
              <value>
                <![CDATA[]]>
              </value>
            </param>
            <param index="11">
              <value>
                <![CDATA[]]>
              </value>
            </param>
          </params>
          <reporter-output>
          </reporter-output>
        </test-method> <!-- autoTest -->
        <test-method status="PASS" signature="autoTest(java.lang.String, java.lang.String, java.lang.String, java.lang.String, java.lang.String, java.lang.String, java.lang.String, java.lang.String, java.lang.String, java.lang.String, java.lang.String, java.lang.String)[pri:0, instance:com.lizheng.test.AutoTestFrameTestNG@6d366c9b]" name="autoTest" duration-ms="2" started-at="2021-10-20T14:16:30Z" data-provider="caseData" finished-at="2021-10-20T14:16:30Z">
          <params>
            <param index="0">
              <value>
                <![CDATA[26]]>
              </value>
            </param>
            <param index="1">
              <value>
                <![CDATA[token未授权]]>
              </value>
            </param>
            <param index="2">
              <value>
                <![CDATA[添加未授权token]]>
              </value>
            </param>
            <param index="3">
              <value>
                <![CDATA[addHeader]]>
              </value>
            </param>
            <param index="4">
              <value>
                <![CDATA[{"token":"0d862fe621ae4bca86489a554945b202"}]]>
              </value>
            </param>
            <param index="5">
              <value>
                <![CDATA[]]>
              </value>
            </param>
            <param index="6">
              <value>
                <![CDATA[]]>
              </value>
            </param>
            <param index="7">
              <value>
                <![CDATA[]]>
              </value>
            </param>
            <param index="8">
              <value>
                <![CDATA[]]>
              </value>
            </param>
            <param index="9">
              <value>
                <![CDATA[]]>
              </value>
            </param>
            <param index="10">
              <value>
                <![CDATA[]]>
              </value>
            </param>
            <param index="11">
              <value>
                <![CDATA[]]>
              </value>
            </param>
          </params>
          <reporter-output>
          </reporter-output>
        </test-method> <!-- autoTest -->
        <test-method status="PASS" signature="autoTest(java.lang.String, java.lang.String, java.lang.String, java.lang.String, java.lang.String, java.lang.String, java.lang.String, java.lang.String, java.lang.String, java.lang.String, java.lang.String, java.lang.String)[pri:0, instance:com.lizheng.test.AutoTestFrameTestNG@6d366c9b]" name="autoTest" duration-ms="93" started-at="2021-10-20T14:16:30Z" data-provider="caseData" finished-at="2021-10-20T14:16:30Z">
          <params>
            <param index="0">
              <value>
                <![CDATA[27]]>
              </value>
            </param>
            <param index="1">
              <value>
                <![CDATA[]]>
              </value>
            </param>
            <param index="2">
              <value>
                <![CDATA[未授权token登录]]>
              </value>
            </param>
            <param index="3">
              <value>
                <![CDATA[doPostByUrl]]>
              </value>
            </param>
            <param index="4">
              <value>
                <![CDATA[http://8.142.92.43:8080/Inter/HTTP//login]]>
              </value>
            </param>
            <param index="5">
              <value>
                <![CDATA[username=lizheng&password=1234567]]>
              </value>
            </param>
            <param index="6">
              <value>
                <![CDATA[]]>
              </value>
            </param>
            <param index="7">
              <value>
                <![CDATA[]]>
              </value>
            </param>
            <param index="8">
              <value>
                <![CDATA[]]>
              </value>
            </param>
            <param index="9">
              <value>
                <![CDATA[]]>
              </value>
            </param>
            <param index="10">
              <value>
                <![CDATA[]]>
              </value>
            </param>
            <param index="11">
              <value>
                <![CDATA[]]>
              </value>
            </param>
          </params>
          <reporter-output>
          </reporter-output>
        </test-method> <!-- autoTest -->
        <test-method status="PASS" signature="autoTest(java.lang.String, java.lang.String, java.lang.String, java.lang.String, java.lang.String, java.lang.String, java.lang.String, java.lang.String, java.lang.String, java.lang.String, java.lang.String, java.lang.String)[pri:0, instance:com.lizheng.test.AutoTestFrameTestNG@6d366c9b]" name="autoTest" duration-ms="11" started-at="2021-10-20T14:16:30Z" data-provider="caseData" finished-at="2021-10-20T14:16:30Z">
          <params>
            <param index="0">
              <value>
                <![CDATA[28]]>
              </value>
            </param>
            <param index="1">
              <value>
                <![CDATA[]]>
              </value>
            </param>
            <param index="2">
              <value>
                <![CDATA[]]>
              </value>
            </param>
            <param index="3">
              <value>
                <![CDATA[assertJsonEqual]]>
              </value>
            </param>
            <param index="4">
              <value>
                <![CDATA[$.msg]]>
              </value>
            </param>
            <param index="5">
              <value>
                <![CDATA[非法请求]]>
              </value>
            </param>
            <param index="6">
              <value>
                <![CDATA[]]>
              </value>
            </param>
            <param index="7">
              <value>
                <![CDATA[]]>
              </value>
            </param>
            <param index="8">
              <value>
                <![CDATA[]]>
              </value>
            </param>
            <param index="9">
              <value>
                <![CDATA[]]>
              </value>
            </param>
            <param index="10">
              <value>
                <![CDATA[]]>
              </value>
            </param>
            <param index="11">
              <value>
                <![CDATA[]]>
              </value>
            </param>
          </params>
          <reporter-output>
          </reporter-output>
        </test-method> <!-- autoTest -->
        <test-method status="PASS" signature="autoTest(java.lang.String, java.lang.String, java.lang.String, java.lang.String, java.lang.String, java.lang.String, java.lang.String, java.lang.String, java.lang.String, java.lang.String, java.lang.String, java.lang.String)[pri:0, instance:com.lizheng.test.AutoTestFrameTestNG@6d366c9b]" name="autoTest" duration-ms="0" started-at="2021-10-20T14:16:30Z" data-provider="caseData" finished-at="2021-10-20T14:16:30Z">
          <params>
            <param index="0">
              <value>
                <![CDATA[29]]>
              </value>
            </param>
            <param index="1">
              <value>
                <![CDATA[token授权]]>
              </value>
            </param>
            <param index="2">
              <value>
                <![CDATA[清空token]]>
              </value>
            </param>
            <param index="3">
              <value>
                <![CDATA[clearHeader]]>
              </value>
            </param>
            <param index="4">
              <value>
                <![CDATA[]]>
              </value>
            </param>
            <param index="5">
              <value>
                <![CDATA[]]>
              </value>
            </param>
            <param index="6">
              <value>
                <![CDATA[]]>
              </value>
            </param>
            <param index="7">
              <value>
                <![CDATA[]]>
              </value>
            </param>
            <param index="8">
              <value>
                <![CDATA[]]>
              </value>
            </param>
            <param index="9">
              <value>
                <![CDATA[]]>
              </value>
            </param>
            <param index="10">
              <value>
                <![CDATA[]]>
              </value>
            </param>
            <param index="11">
              <value>
                <![CDATA[]]>
              </value>
            </param>
          </params>
          <reporter-output>
          </reporter-output>
        </test-method> <!-- autoTest -->
        <test-method status="PASS" signature="autoTest(java.lang.String, java.lang.String, java.lang.String, java.lang.String, java.lang.String, java.lang.String, java.lang.String, java.lang.String, java.lang.String, java.lang.String, java.lang.String, java.lang.String)[pri:0, instance:com.lizheng.test.AutoTestFrameTestNG@6d366c9b]" name="autoTest" duration-ms="82" started-at="2021-10-20T14:16:30Z" data-provider="caseData" finished-at="2021-10-20T14:16:30Z">
          <params>
            <param index="0">
              <value>
                <![CDATA[30]]>
              </value>
            </param>
            <param index="1">
              <value>
                <![CDATA[]]>
              </value>
            </param>
            <param index="2">
              <value>
                <![CDATA[请求auth授权]]>
              </value>
            </param>
            <param index="3">
              <value>
                <![CDATA[doPostByUrl]]>
              </value>
            </param>
            <param index="4">
              <value>
[...]
              </value>
            </param>
            <param index="11">
              <value>
                <![CDATA[]]>
              </value>
            </param>
          </params>
          <exception class="java.lang.AssertionError">
            <message>
              <![CDATA[expected [pass] but found [fail]]]>
            </message>
            <full-stacktrace>
              <![CDATA[java.lang.AssertionError: expected [pass] but found [fail]
at org.testng.Assert.fail(Assert.java:96)
at org.testng.Assert.failNotEquals(Assert.java:776)
at org.testng.Assert.assertEqualsImpl(Assert.java:137)
at org.testng.Assert.assertEquals(Assert.java:118)
at org.testng.Assert.assertEquals(Assert.java:453)
at org.testng.Assert.assertEquals(Assert.java:463)
at com.lizheng.test.AutoTestFrameTestNG.autoTest(AutoTestFrameTestNG.java:29)
at sun.reflect.GeneratedMethodAccessor30.invoke(Unknown Source)
at sun.reflect.DelegatingMethodAccessorImpl.invoke(DelegatingMethodAccessorImpl.java:43)
at java.lang.reflect.Method.invoke(Method.java:498)
at org.testng.internal.MethodInvocationHelper.invokeMethod(MethodInvocationHelper.java:124)
at org.testng.internal.Invoker.invokeMethod(Invoker.java:583)
at org.testng.internal.Invoker.invokeTestMethod(Invoker.java:719)
at org.testng.internal.Invoker.invokeTestMethods(Invoker.java:989)
at org.testng.internal.TestMethodWorker.invokeTestMethods(TestMethodWorker.java:125)
at org.testng.internal.TestMethodWorker.run(TestMethodWorker.java:109)
at org.testng.TestRunner.privateRun(TestRunner.java:648)
at org.testng.TestRunner.run(TestRunner.java:505)
at org.testng.SuiteRunner.runTest(SuiteRunner.java:455)
at org.testng.SuiteRunner.runSequentially(SuiteRunner.java:450)
at org.testng.SuiteRunner.privateRun(SuiteRunner.java:415)
at org.testng.SuiteRunner.run(SuiteRunner.java:364)
at org.testng.SuiteRunnerWorker.runSuite(SuiteRunnerWorker.java:52)
at org.testng.SuiteRunnerWorker.run(SuiteRunnerWorker.java:84)
at org.testng.TestNG.runSuitesSequentially(TestNG.java:1208)
at org.testng.TestNG.runSuitesLocally(TestNG.java:1137)
at org.testng.TestNG.runSuites(TestNG.java:1049)
at org.testng.TestNG.run(TestNG.java:1017)
at org.apache.maven.surefire.testng.TestNGExecutor.run(TestNGExecutor.java:283)
at org.apache.maven.surefire.testng.TestNGXmlTestSuite.execute(TestNGXmlTestSuite.java:75)
at org.apache.maven.surefire.testng.TestNGProvider.invoke(TestNGProvider.java:120)
at org.apache.maven.surefire.booter.ForkedBooter.invokeProviderInSameClassLoader(ForkedBooter.java:384)
at org.apache.maven.surefire.booter.ForkedBooter.runSuitesInProcess(ForkedBooter.java:345)
at org.apache.maven.surefire.booter.ForkedBooter.execute(ForkedBooter.java:126)
at org.apache.maven.surefire.booter.ForkedBooter.main(ForkedBooter.java:418)
]]>
            </full-stacktrace>
          </exception> <!-- java.lang.AssertionError -->
          <reporter-output>
          </reporter-output>
        </test-method> <!-- autoTest -->
        <test-method status="PASS" signature="autoTest(java.lang.String, java.lang.String, java.lang.String, java.lang.String, java.lang.String, java.lang.String, java.lang.String, java.lang.String, java.lang.String, java.lang.String, java.lang.String, java.lang.String)[pri:0, instance:com.lizheng.test.AutoTestFrameTestNG@6d366c9b]" name="autoTest" duration-ms="88" started-at="2021-10-20T14:16:36Z" data-provider="caseData" finished-at="2021-10-20T14:16:36Z">
          <params>
            <param index="0">
              <value>
                <![CDATA[167]]>
              </value>
            </param>
            <param index="1">
              <value>
                <![CDATA[登录]]>
              </value>
            </param>
            <param index="2">
              <value>
                <![CDATA[登录]]>
              </value>
            </param>
            <param index="3">
              <value>
                <![CDATA[doPostWithoutParam]]>
              </value>
            </param>
            <param index="4">
              <value>
                <![CDATA[http://8.142.92.43:8080/Inter/REST/login/lizheng/123456]]>
              </value>
            </param>
            <param index="5">
              <value>
                <![CDATA[]]>
              </value>
            </param>
            <param index="6">
              <value>
                <![CDATA[]]>
              </value>
            </param>
            <param index="7">
              <value>
                <![CDATA[]]>
              </value>
            </param>
            <param index="8">
              <value>
                <![CDATA[]]>
              </value>
            </param>
            <param index="9">
              <value>
                <![CDATA[]]>
              </value>
            </param>
            <param index="10">
              <value>
                <![CDATA[]]>
              </value>
            </param>
            <param index="11">
              <value>
                <![CDATA[]]>
              </value>
            </param>
          </params>
          <reporter-output>
          </reporter-output>
        </test-method> <!-- autoTest -->
        <test-method status="PASS" signature="autoTest(java.lang.String, java.lang.String, java.lang.String, java.lang.String, java.lang.String, java.lang.String, java.lang.String, java.lang.String, java.lang.String, java.lang.String, java.lang.String, java.lang.String)[pri:0, instance:com.lizheng.test.AutoTestFrameTestNG@6d366c9b]" name="autoTest" duration-ms="0" started-at="2021-10-20T14:16:36Z" data-provider="caseData" finished-at="2021-10-20T14:16:36Z">
          <params>
            <param index="0">
              <value>
                <![CDATA[168]]>
              </value>
            </param>
            <param index="1">
              <value>
                <![CDATA[]]>
              </value>
            </param>
            <param index="2">
              <value>
                <![CDATA[]]>
              </value>
            </param>
            <param index="3">
              <value>
                <![CDATA[assertJsonEqual]]>
              </value>
            </param>
            <param index="4">
              <value>
                <![CDATA[$.msg]]>
              </value>
            </param>
            <param index="5">
              <value>
                <![CDATA[恭喜您，登录成功]]>
              </value>
            </param>
            <param index="6">
              <value>
                <![CDATA[]]>
              </value>
            </param>
            <param index="7">
              <value>
                <![CDATA[]]>
              </value>
            </param>
            <param index="8">
              <value>
                <![CDATA[]]>
              </value>
            </param>
            <param index="9">
              <value>
                <![CDATA[]]>
              </value>
            </param>
            <param index="10">
              <value>
                <![CDATA[]]>
              </value>
            </param>
            <param index="11">
              <value>
                <![CDATA[]]>
              </value>
            </param>
          </params>
          <reporter-output>
          </reporter-output>
        </test-method> <!-- autoTest -->
        <test-method status="PASS" signature="autoTest(java.lang.String, java.lang.String, java.lang.String, java.lang.String, java.lang.String, java.lang.String, java.lang.String, java.lang.String, java.lang.String, java.lang.String, java.lang.String, java.lang.String)[pri:0, instance:com.lizheng.test.AutoTestFrameTestNG@6d366c9b]" name="autoTest" duration-ms="11" started-at="2021-10-20T14:16:36Z" data-provider="caseData" finished-at="2021-10-20T14:16:36Z">
          <params>
            <param index="0">
              <value>
                <![CDATA[169]]>
              </value>
            </param>
            <param index="1">
              <value>
                <![CDATA[]]>
              </value>
            </param>
            <param index="2">
              <value>
                <![CDATA[保存参数]]>
              </value>
            </param>
            <param index="3">
              <value>
                <![CDATA[saveParam]]>
              </value>
            </param>
            <param index="4">
              <value>
                <![CDATA[userid]]>
              </value>
            </param>
            <param index="5">
              <value>
                <![CDATA[$.userid]]>
              </value>
            </param>
            <param index="6">
              <value>
                <![CDATA[]]>
              </value>
            </param>
            <param index="7">
              <value>
                <![CDATA[]]>
              </value>
            </param>
            <param index="8">
              <value>
                <![CDATA[]]>
              </value>
            </param>
            <param index="9">
              <value>
                <![CDATA[]]>
              </value>
            </param>
            <param index="10">
              <value>
                <![CDATA[]]>
              </value>
            </param>
            <param index="11">
              <value>
                <![CDATA[]]>
              </value>
            </param>
          </params>
          <reporter-output>
          </reporter-output>
        </test-method> <!-- autoTest -->
        <test-method status="PASS" signature="autoTest(java.lang.String, java.lang.String, java.lang.String, java.lang.String, java.lang.String, java.lang.String, java.lang.String, java.lang.String, java.lang.String, java.lang.String, java.lang.String, java.lang.String)[pri:0, instance:com.lizheng.test.AutoTestFrameTestNG@6d366c9b]" name="autoTest" duration-ms="91" started-at="2021-10-20T14:16:36Z" data-provider="caseData" finished-at="2021-10-20T14:16:36Z">
          <params>
            <param index="0">
              <value>
                <![CDATA[170]]>
              </value>
            </param>
            <param index="1">
              <value>
                <![CDATA[用户信息]]>
              </value>
            </param>
            <param index="2">
              <value>
                <![CDATA[获取用户信息]]>
              </value>
            </param>
            <param index="3">
              <value>
                <![CDATA[doPostWithoutParam]]>
              </value>
            </param>
            <param index="4">
              <value>
                <![CDATA[http://8.142.92.43:8080/Inter/REST/login/{{userid}}]]>
              </value>
            </param>
            <param index="5">
              <value>
                <![CDATA[]]>
              </value>
            </param>
            <param index="6">
              <value>
                <![CDATA[]]>
              </value>
            </param>
            <param index="7">
              <value>
                <![CDATA[]]>
              </value>
            </param>
            <param index="8">
              <value>
                <![CDATA[]]>
              </value>
            </param>
            <param index="9">
              <value>
                <![CDATA[]]>
              </value>
            </param>
            <param index="10">
              <value>
                <![CDATA[]]>
              </value>
            </param>
            <param index="11">
              <value>
                <![CDATA[]]>
              </value>
            </param>
          </params>
          <reporter-output>
          </reporter-output>
        </test-method> <!-- autoTest -->
        <test-method status="PASS" signature="autoTest(java.lang.String, java.lang.String, java.lang.String, java.lang.String, java.lang.String, java.lang.String, java.lang.String, java.lang.String, java.lang.String, java.lang.String, java.lang.String, java.lang.String)[pri:0, instance:com.lizheng.test.AutoTestFrameTestNG@6d366c9b]" name="autoTest" duration-ms="11" started-at="2021-10-20T14:16:36Z" data-provider="caseData" finished-at="2021-10-20T14:16:36Z">
          <params>
            <param index="0">
              <value>
                <![CDATA[171]]>
              </value>
            </param>
            <param index="1">
              <value>
                <![CDATA[]]>
              </value>
            </param>
            <param index="2">
              <value>
                <![CDATA[]]>
              </value>
            </param>
            <param index="3">
              <value>
                <![CDATA[assertJsonEqual]]>
              </value>
            </param>
            <param index="4">
              <value>
                <![CDATA[$.msg]]>
              </value>
            </param>
            <param index="5">
              <value>
                <![CDATA[查询成功]]>
              </value>
            </param>
            <param index="6">
              <value>
                <![CDATA[]]>
              </value>
            </param>
            <param index="7">
              <value>
                <![CDATA[]]>
              </value>
            </param>
            <param index="8">
              <value>
                <![CDATA[]]>
              </value>
            </param>
            <param index="9">
              <value>
                <![CDATA[]]>
              </value>
            </param>
            <param index="10">
              <value>
                <![CDATA[]]>
              </value>
            </param>
            <param index="11">
              <value>
                <![CDATA[]]>
              </value>
            </param>
          </params>
          <reporter-output>
          </reporter-output>
        </test-method> <!-- autoTest -->
        <test-method status="PASS" signature="autoTest(java.lang.String, java.lang.String, java.lang.String, java.lang.String, java.lang.String, java.lang.String, java.lang.String, java.lang.String, java.lang.String, java.lang.String, java.lang.String, java.lang.String)[pri:0, instance:com.lizheng.test.AutoTestFrameTestNG@6d366c9b]" name="autoTest" duration-ms="82" started-at="2021-10-20T14:16:36Z" data-provider="caseData" finished-at="2021-10-20T14:16:36Z">
          <params>
            <param index="0">
              <value>
                <![CDATA[172]]>
              </value>
            </param>
            <param index="1">
              <value>
                <![CDATA[用户信息]]>
              </value>
            </param>
            <param index="2">
              <value>
                <![CDATA[登出]]>
              </value>
            </param>
            <param index="3">
              <value>
                <![CDATA[doPostWithoutParam]]>
              </value>
            </param>
            <param index="4">
              <value>
                <![CDATA[http://8.142.92.43:8080/Inter/REST/login]]>
              </value>
            </param>
            <param index="5">
              <value>
                <![CDATA[]]>
              </value>
            </param>
            <param index="6">
              <value>
                <![CDATA[]]>
              </value>
            </param>
            <param index="7">
              <value>
                <![CDATA[]]>
              </value>
            </param>
            <param index="8">
              <value>
                <![CDATA[]]>
              </value>
            </param>
            <param index="9">
              <value>
                <![CDATA[]]>
              </value>
            </param>
            <param index="10">
              <value>
                <![CDATA[]]>
              </value>
            </param>
            <param index="11">
              <value>
                <![CDATA[]]>
              </value>
            </param>
          </params>
          <reporter-output>
          </reporter-output>
        </test-method> <!-- autoTest -->
        <test-method status="PASS" signature="autoTest(java.lang.String, java.lang.String, java.lang.String, java.lang.String, java.lang.String, java.lang.String, java.lang.String, java.lang.String, java.lang.String, java.lang.String, java.lang.String, java.lang.String)[pri:0, instance:com.lizheng.test.AutoTestFrameTestNG@6d366c9b]" name="autoTest" duration-ms="0" started-at="2021-10-20T14:16:36Z" data-provider="caseData" finished-at="2021-10-20T14:16:36Z">
          <params>
            <param index="0">
              <value>
                <![CDATA[173]]>
              </value>
            </param>
            <param index="1">
              <value>
                <![CDATA[]]>
              </value>
            </param>
            <param index="2">
              <value>
                <![CDATA[]]>
              </value>
            </param>
            <param index="3">
              <value>
                <![CDATA[assertJsonEqual]]>
              </value>
            </param>
            <param index="4">
              <value>
                <![CDATA[$.msg]]>
              </value>
            </param>
            <param index="5">
              <value>
                <![CDATA[用户已退出登录]]>
              </value>
            </param>
            <param index="6">
              <value>
                <![CDATA[]]>
              </value>
            </param>
            <param index="7">
              <value>
                <![CDATA[]]>
              </value>
            </param>
            <param index="8">
              <value>
                <![CDATA[]]>
              </value>
            </param>
            <param index="9">
              <value>
                <![CDATA[]]>
              </value>
            </param>
            <param index="10">
              <value>
                <![CDATA[]]>
              </value>
            </param>
            <param index="11">
              <value>
                <![CDATA[]]>
              </value>
            </param>
          </params>
          <reporter-output>
          </reporter-output>
        </test-method> <!-- autoTest -->
        <test-method status="PASS" signature="afterTest()[pri:0, instance:com.lizheng.test.AutoTestFrameTestNG@6d366c9b]" name="afterTest" is-config="true" duration-ms="53" started-at="2021-10-20T14:16:36Z" finished-at="2021-10-20T14:16:36Z">
          <reporter-output>
          </reporter-output>
        </test-method> <!-- afterTest -->
      </class> <!-- com.lizheng.test.AutoTestFrameTestNG -->
      <class name="com.lizheng.test.demoTestNG">
        <test-method status="PASS" signature="beforeSuite()[pri:0, instance:com.lizheng.test.demoTestNG@1de5f0ef]" name="beforeSuite" is-config="true" duration-ms="39" started-at="2021-10-20T14:16:24Z" finished-at="2021-10-20T14:16:24Z">
          <reporter-output>
          </reporter-output>
        </test-method> <!-- beforeSuite -->
        <test-method status="PASS" signature="beforeSuite()[pri:0, instance:com.lizheng.test.sendMailTestNG@376a312c]" name="beforeSuite" is-config="true" duration-ms="1" started-at="2021-10-20T14:16:24Z" finished-at="2021-10-20T14:16:24Z">
          <reporter-output>
          </reporter-output>
        </test-method> <!-- beforeSuite -->
        <test-method status="PASS" signature="afterSuite()[pri:0, instance:com.lizheng.test.demoTestNG@1de5f0ef]" name="afterSuite" is-config="true" duration-ms="0" started-at="2021-10-20T14:16:36Z" finished-at="2021-10-20T14:16:36Z">
          <reporter-output>
          </reporter-output>
        </test-method> <!-- afterSuite -->
        <test-method status="PASS" signature="afterSuite()[pri:0, instance:com.lizheng.test.sendMailTestNG@376a312c]" name="afterSuite" is-config="true" duration-ms="0" started-at="2021-10-20T14:16:36Z" finished-at="2021-10-20T14:16:36Z">
          <reporter-output>
          </reporter-output>
        </test-method> <!-- afterSuite -->
      </class> <!-- com.lizheng.test.demoTestNG -->
    </test> <!-- AutoTestFrameTestNG -->
  </suite> <!-- All Test Suite -->
</testng-results>
