<?xml version="1.0" encoding="UTF-8"?>
<!-- Generated by org.testng.reporters.JUnitXMLReporter -->
<testsuite hostname="LQHSURFACE" ignored="0" name="TestNGTest" tests="4" failures="0" timestamp="20 十月 2021 14:16:24 GMT" time="0.393" errors="0">
  <testcase name="test1" time="0.062" classname="com.lizheng.test.demoTestNG"/>
  <testcase name="test2" time="0.002" classname="com.lizheng.test.demoTestNG"/>
  <testcase name="test1" time="0.011" classname="com.lizheng.test.sendMailTestNG"/>
  <testcase name="test2" time="0.0" classname="com.lizheng.test.sendMailTestNG"/>
</testsuite> <!-- TestNGTest -->
