<?xml version="1.0" encoding="UTF-8"?>
<!-- Generated by org.testng.reporters.JUnitXMLReporter -->
<testsuite hostname="LQHSURFACE" ignored="0" name="TestParameterDataProvider3" tests="4" failures="0" timestamp="20 十月 2021 14:16:25 GMT" time="0.095" errors="0">
  <testcase name="test1" time="0.0" classname="com.lizheng.test.TestParameterDataProvider3"/>
  <testcase name="test1" time="0.01" classname="com.lizheng.test.TestParameterDataProvider3"/>
  <testcase name="test2" time="0.0" classname="com.lizheng.test.TestParameterDataProvider3"/>
  <testcase name="test2" time="0.0" classname="com.lizheng.test.TestParameterDataProvider3"/>
</testsuite> <!-- TestParameterDataProvider3 -->
